Type ┃ Entry Time       ┃ Exit Time        ┃ Qty ┃    Entry ┃     Exit ┃ Stop Loss ┃  RSI (L/U) | ADX ┃    P&L ┃ R:R ┃ Result ┃
┡━━━━━━╇━━━━━━━━━━━━━━━━━━╇━━━━━━━━━━━━━━━━━━╇━━━━━╇━━━━━━━━━━╇━━━━━━━━━━╇━━━━━━━━━━━╇━━━━━━━━━━━━━━━━━━╇━━━━━━━━╇━━━━━╇━━━━━━━━┩
│ CALL │ 2025-01-02 09:45 │ 2025-01-02 15:00 │ N/A │ 23833.10 │ 24186.25 │  23788.10 │  69.8/nan | 34.3 │ 353.15 │ 7.8 │  WIN   │
│ PUT  │ 2025-01-03 10:30 │ 2025-01-03 11:00 │ N/A │ 24027.20 │ 24057.70 │  24072.20 │ 48.9/73.8 | 44.5 │ -30.50 │ 0.7 │  LOSS  │
│ CALL │ 2025-01-03 11:15 │ 2025-01-03 12:15 │ N/A │ 24113.20 │ 24068.20 │  24068.20 │ 60.6/75.6 | 38.2 │ -45.00 │ 1.0 │  LOSS  │
│ PUT  │ 2025-01-03 13:45 │ 2025-01-03 15:00 │ N/A │ 24041.65 │ 24008.05 │  24086.65 │ 46.1/67.9 | 25.6 │  33.60 │ 0.7 │  WIN   │
│ PUT  │ 2025-01-06 13:00 │ 2025-01-06 15:00 │ N/A │ 23714.70 │ 23585.60 │  23759.70 │ 38.3/44.8 | 28.8 │ 129.10 │ 2.9 │  WIN   │
│ PUT  │ 2025-01-07 09:45 │ 2025-01-07 10:00 │ N/A │ 23678.75 │ 23723.75 │  23723.75 │ 45.1/49.2 | 31.4 │ -45.00 │ 1.0 │  LOSS  │
│ PUT  │ 2025-01-07 10:30 │ 2025-01-07 15:00 │ N/A │ 23742.45 │ 23704.45 │  23787.45 │ 49.7/48.4 | 28.0 │  38.00 │ 0.8 │  WIN   │
│ PUT  │ 2025-01-08 10:15 │ 2025-01-08 13:45 │ N/A │ 23607.65 │ 23652.65 │  23652.65 │ 35.5/37.5 | 22.5 │ -45.00 │ 1.0 │  LOSS  │
│ CALL │ 2025-01-08 14:00 │ 2025-01-08 14:30 │ N/A │ 23696.50 │ 23651.50 │  23651.50 │ 61.6/49.8 | 31.3 │ -45.00 │ 1.0 │  LOSS  │
│ PUT  │ 2025-01-09 09:30 │ 2025-01-09 10:00 │ N/A │ 23607.85 │ 23639.10 │  23652.85 │ 45.7/45.6 | 25.4 │ -31.25 │ 0.7 │  LOSS  │
│ PUT  │ 2025-01-09 10:15 │ 2025-01-09 13:15 │ N/A │ 23630.20 │ 23536.50 │  23675.20 │ 48.9/40.5 | 21.5 │  93.70 │ 2.1 │  WIN   │
│ PUT  │ 2025-01-13 10:30 │ 2025-01-13 15:00 │ N/A │ 23306.30 │ 23090.85 │  23351.30 │ 37.3/31.7 | 26.2 │ 215.45 │ 4.8 │  WIN   │
│ PUT  │ 2025-01-14 09:30 │ 2025-01-14 10:15 │ N/A │ 23173.45 │ 23156.45 │  23218.45 │ 44.3/31.8 | 37.9 │  17.00 │ 0.4 │  WIN   │
│ PUT  │ 2025-01-14 11:30 │ 2025-01-14 15:00 │ N/A │ 23198.55 │ 23173.25 │  23243.55 │ 48.9/37.1 | 26.0 │  25.30 │ 0.6 │  WIN   │
│ CALL │ 2025-01-20 11:15 │ 2025-01-20 12:30 │ N/A │ 23330.95 │ 23337.80 │  23285.95 │ 69.9/58.5 | 22.9 │   6.85 │ 0.2 │  WIN   │
│ CALL │ 2025-01-20 13:00 │ 2025-01-20 15:00 │ N/A │ 23359.70 │ 23351.70 │  23314.70 │ 68.4/59.8 | 34.4 │  -8.00 │ 0.2 │  LOSS  │
│ PUT  │ 2025-01-21 09:45 │ 2025-01-21 11:15 │ N/A │ 23299.15 │ 23144.35 │  23344.15 │ 46.6/48.2 | 37.1 │ 154.80 │ 3.4 │  WIN   │
│ CALL │ 2025-01-21 11:45 │ 2025-01-21 12:00 │ N/A │ 23381.80 │ 23336.80 │  23336.80 │ 60.1/50.6 | 33.1 │ -45.00 │ 1.0 │  LOSS  │
│ PUT  │ 2025-01-21 12:15 │ 2025-01-21 12:30 │ N/A │ 23138.55 │ 23151.40 │  23183.55 │ 40.9/48.5 | 30.7 │ -12.85 │ 0.3 │  LOSS  │
│ PUT  │ 2025-01-21 13:30 │ 2025-01-21 15:00 │ N/A │ 23254.65 │ 23022.45 │  23299.65 │ 49.9/43.8 | 23.6 │ 232.20 │ 5.2 │  WIN   │
│ PUT  │ 2025-01-22 09:30 │ 2025-01-22 09:45 │ N/A │ 23067.75 │ 23112.75 │  23112.75 │ 40.0/40.3 | 23.8 │ -45.00 │ 1.0 │  LOSS  │
│ PUT  │ 2025-01-22 10:00 │ 2025-01-22 10:45 │ N/A │ 23096.85 │ 23141.85 │  23141.85 │ 43.3/40.3 | 23.3 │ -45.00 │ 1.0 │  LOSS  │
│ PUT  │ 2025-01-22 11:00 │ 2025-01-22 13:15 │ N/A │ 23064.95 │ 23005.30 │  23109.95 │ 40.3/38.4 | 22.1 │  59.65 │ 1.3 │  WIN   │
│ CALL │ 2025-01-22 14:45 │ 2025-01-22 15:00 │ N/A │ 23159.40 │ 23164.25 │  23114.40 │ 60.1/48.7 | 21.8 │   4.85 │ 0.1 │  WIN   │
│ PUT  │ 2025-01-27 12:30 │ 2025-01-27 15:00 │ N/A │ 22866.30 │ 22835.70 │  22911.30 │ 35.1/31.8 | 35.9 │  30.60 │ 0.7 │  WIN   │
│ PUT  │ 2025-01-28 09:30 │ 2025-01-28 10:00 │ N/A │ 22877.90 │ 22922.90 │  22922.90 │ 46.2/36.0 | 35.0 │ -45.00 │ 1.0 │  LOSS  │
│ PUT  │ 2025-01-28 10:30 │ 2025-01-28 11:00 │ N/A │ 22884.05 │ 22929.05 │  22929.05 │ 47.3/43.6 | 27.0 │ -45.00 │ 1.0 │  LOSS  │
│ CALL │ 2025-01-28 11:30 │ 2025-01-28 14:45 │ N/A │ 23007.30 │ 22962.30 │  22962.30 │ 62.5/49.6 | 26.4 │ -45.00 │ 1.0 │  LOSS  │
│ CALL │ 2025-01-29 10:15 │ 2025-01-29 10:30 │ N/A │ 23095.25 │ 23074.10 │  23050.25 │ 61.0/54.0 | 26.7 │ -21.15 │ 0.5 │  LOSS  │
│ CALL │ 2025-01-29 10:45 │ 2025-01-29 11:00 │ N/A │ 23122.85 │ 23077.85 │  23077.85 │ 62.7/54.0 | 26.3 │ -45.00 │ 1.0 │  LOSS  │
│ CALL │ 2025-01-30 11:00 │ 2025-01-30 11:15 │ N/A │ 23288.30 │ 23265.95 │  23243.30 │ 67.5/67.0 | 21.2 │ -22.35 │ 0.5 │  LOSS  │
│ CALL │ 2025-01-31 09:45 │ 2025-01-31 10:00 │ N/A │ 23389.50 │ 23344.50 │  23344.50 │ 72.7/65.0 | 21.0 │ -45.00 │ 1.0 │  LOSS  │
│ CALL │ 2025-01-31 10:30 │ 2025-01-31 14:00 │ N/A │ 23413.65 │ 23447.85 │  23368.65 │ 69.7/69.2 | 21.2 │  34.20 │ 0.8 │  WIN   │
│ CALL │ 2025-01-31 14:30 │ 2025-01-31 15:00 │ N/A │ 23484.30 │ 23515.15 │  23439.30 │ 63.4/70.3 | 26.6 │  30.85 │ 0.7 │  WIN   │
│ CALL │ 2025-02-01 09:30 │ 2025-02-01 11:45 │ N/A │ 23558.85 │ 23513.85 │  23513.85 │ 68.7/72.1 | 30.0 │ -45.00 │ 1.0 │  LOSS  │
│ PUT  │ 2025-02-01 12:30 │ 2025-02-01 13:30 │ N/A │ 23418.45 │ 23463.45 │  23463.45 │ 40.9/53.3 | 33.5 │ -45.00 │ 1.0 │  LOSS  │
│ PUT  │ 2025-02-01 14:30 │ 2025-02-01 15:00 │ N/A │ 23471.55 │ 23481.20 │  23516.55 │ 48.7/58.6 | 30.6 │  -9.65 │ 0.2 │  LOSS  │
│ PUT  │ 2025-02-03 11:15 │ 2025-02-03 11:30 │ N/A │ 23290.50 │ 23270.30 │  23335.50 │ 37.9/47.0 | 37.2 │  20.20 │ 0.4 │  WIN   │
│ PUT  │ 2025-02-03 12:15 │ 2025-02-03 12:30 │ N/A │ 23288.60 │ 23273.05 │  23333.60 │ 39.5/50.6 | 38.2 │  15.55 │ 0.3 │  WIN   │
│ PUT  │ 2025-02-03 13:15 │ 2025-02-03 13:30 │ N/A │ 23331.70 │ 23352.05 │  23376.70 │ 47.4/49.8 | 34.7 │ -20.35 │ 0.5 │  LOSS  │
│ PUT  │ 2025-02-03 13:45 │ 2025-02-03 14:00 │ N/A │ 23325.55 │ 23346.60 │  23370.55 │ 46.8/49.8 | 31.8 │ -21.05 │ 0.5 │  LOSS  │
│ CALL │ 2025-02-04 09:30 │ 2025-02-04 10:00 │ N/A │ 23572.40 │ 23527.40 │  23527.40 │ 72.2/59.5 | 26.5 │ -45.00 │ 1.0 │  LOSS  │
│ CALL │ 2025-02-04 11:00 │ 2025-02-04 15:00 │ N/A │ 23506.50 │ 23744.00 │  23461.50 │ 60.5/59.0 | 23.1 │ 237.50 │ 5.3 │  WIN   │
│ CALL │ 2025-02-05 09:30 │ 2025-02-05 09:45 │ N/A │ 23797.55 │ 23752.55 │  23752.55 │ 75.0/68.4 | 37.1 │ -45.00 │ 1.0 │  LOSS  │
│ CALL │ 2025-02-05 10:15 │ 2025-02-05 10:30 │ N/A │ 23774.35 │ 23769.05 │  23729.35 │ 68.1/67.2 | 37.1 │  -5.30 │ 0.1 │  LOSS  │
│ CALL │ 2025-02-05 11:15 │ 2025-02-05 13:15 │ N/A │ 23751.25 │ 23749.55 │  23706.25 │ 62.4/67.1 | 35.3 │  -1.70 │ 0.0 │  LOSS  │
│ PUT  │ 2025-02-10 11:15 │ 2025-02-10 13:45 │ N/A │ 23392.15 │ 23360.00 │  23437.15 │ 37.1/35.4 | 21.7 │  32.15 │ 0.7 │  WIN   │
│ PUT  │ 2025-02-11 09:45 │ 2025-02-11 15:00 │ N/A │ 23304.10 │ 23073.40 │  23349.10 │ 36.8/33.3 | 25.0 │ 230.70 │ 5.1 │  WIN   │
│ PUT  │ 2025-02-12 12:15 │ 2025-02-12 12:30 │ N/A │ 23016.80 │ 23061.80 │  23061.80 │ 47.6/41.2 | 38.9 │ -45.00 │ 1.0 │  LOSS  │
│ PUT  │ 2025-02-12 13:45 │ 2025-02-12 15:00 │ N/A │ 23001.30 │ 23046.30 │  23046.30 │ 44.5/36.9 | 27.9 │ -45.00 │ 1.0 │  LOSS  │
│ CALL │ 2025-02-13 09:45 │ 2025-02-13 11:15 │ N/A │ 23173.95 │ 23196.90 │  23128.95 │ 63.9/47.9 | 22.2 │  22.95 │ 0.5 │  WIN   │
│ CALL │ 2025-02-13 11:30 │ 2025-02-13 11:45 │ N/A │ 23222.45 │ 23220.85 │  23177.45 │ 66.1/49.4 | 21.9 │  -1.60 │ 0.0 │  LOSS  │
│ PUT  │ 2025-02-13 14:15 │ 2025-02-13 15:00 │ N/A │ 23056.60 │ 23030.15 │  23101.60 │ 38.4/40.1 | 21.9 │  26.45 │ 0.6 │  WIN   │
│ PUT  │ 2025-02-14 10:00 │ 2025-02-14 14:15 │ N/A │ 23043.00 │ 22860.45 │  23088.00 │ 41.7/41.5 | 21.0 │ 182.55 │ 4.1 │  WIN   │
│ PUT  │ 2025-02-17 09:30 │ 2025-02-17 10:15 │ N/A │ 22778.70 │ 22823.70 │  22823.70 │ 35.9/33.3 | 27.6 │ -45.00 │ 1.0 │  LOSS  │
│ PUT  │ 2025-02-17 10:45 │ 2025-02-17 13:30 │ N/A │ 22877.50 │ 22922.50 │  22922.50 │ 49.5/37.0 | 24.4 │ -45.00 │ 1.0 │  LOSS  │
│ PUT  │ 2025-02-21 11:45 │ 2025-02-21 15:00 │ N/A │ 22791.60 │ 22810.75 │  22836.60 │ 38.3/38.6 | 29.8 │ -19.15 │ 0.4 │  LOSS  │
│ PUT  │ 2025-02-24 13:00 │ 2025-02-24 15:00 │ N/A │ 22572.35 │ 22554.35 │  22617.35 │ 35.0/27.7 | 39.3 │  18.00 │ 0.4 │  WIN   │
│ PUT  │ 2025-02-25 10:15 │ 2025-02-25 15:00 │ N/A │ 22576.15 │ 22553.35 │  22621.15 │ 45.2/32.5 | 30.9 │  22.80 │ 0.5 │  WIN   │
│ PUT  │ 2025-03-03 09:30 │ 2025-03-03 12:15 │ N/A │ 22130.35 │ 22073.30 │  22175.35 │ 35.2/12.6 | 38.2 │  57.05 │ 1.3 │  WIN   │
│ PUT  │ 2025-03-03 13:15 │ 2025-03-03 14:00 │ N/A │ 22117.15 │ 22122.15 │  22162.15 │ 49.2/30.4 | 22.6 │  -5.00 │ 0.1 │  LOSS  │
│ CALL │ 2025-03-05 10:15 │ 2025-03-05 12:45 │ N/A │ 22251.10 │ 22355.00 │  22206.10 │ 72.8/56.3 | 23.6 │ 103.90 │ 2.3 │  WIN   │
│ CALL │ 2025-03-05 13:45 │ 2025-03-05 15:00 │ N/A │ 22329.50 │ 22335.00 │  22284.50 │ 65.0/58.2 | 39.2 │   5.50 │ 0.1 │  WIN   │
│ CALL │ 2025-03-06 10:15 │ 2025-03-06 15:00 │ N/A │ 22358.65 │ 22547.85 │  22313.65 │ 63.0/65.9 | 30.4 │ 189.20 │ 4.2 │  WIN   │
│ CALL │ 2025-03-07 09:45 │ 2025-03-07 11:45 │ N/A │ 22548.70 │ 22562.50 │  22503.70 │ 67.7/73.0 | 38.5 │  13.80 │ 0.3 │  WIN   │
│ PUT  │ 2025-03-11 11:15 │ 2025-03-11 13:15 │ N/A │ 22422.60 │ 22467.60 │  22467.60 │ 38.7/46.5 | 31.5 │ -45.00 │ 1.0 │  LOSS  │
│ CALL │ 2025-03-13 09:45 │ 2025-03-13 11:00 │ N/A │ 22529.25 │ 22484.25 │  22484.25 │ 65.4/58.6 | 25.3 │ -45.00 │ 1.0 │  LOSS  │
│ PUT  │ 2025-03-13 11:30 │ 2025-03-13 15:00 │ N/A │ 22433.50 │ 22399.60 │  22478.50 │ 44.2/47.7 | 29.0 │  33.90 │ 0.8 │  WIN   │
│ CALL │ 2025-03-18 12:45 │ 2025-03-18 13:15 │ N/A │ 22736.30 │ 22771.10 │  22691.30 │ 64.3/69.8 | 38.9 │  34.80 │ 0.8 │  WIN   │
│ CALL │ 2025-03-18 13:30 │ 2025-03-18 13:45 │ N/A │ 22783.30 │ 22787.65 │  22738.30 │ 69.8/70.5 | 38.4 │   4.35 │ 0.1 │  WIN   │
│ CALL │ 2025-03-18 14:15 │ 2025-03-18 15:00 │ N/A │ 22792.75 │ 22842.95 │  22747.75 │ 69.1/73.9 | 38.7 │  50.20 │ 1.1 │  WIN   │
│ CALL │ 2025-03-19 12:15 │ 2025-03-19 12:30 │ N/A │ 22901.30 │ 22906.60 │  22856.30 │ 70.9/75.3 | 43.8 │   5.30 │ 0.1 │  WIN   │
│ CALL │ 2025-03-19 13:15 │ 2025-03-19 15:00 │ N/A │ 22914.40 │ 22911.55 │  22869.40 │ 66.7/75.6 | 40.8 │  -2.85 │ 0.1 │  LOSS  │
│ CALL │ 2025-03-20 10:15 │ 2025-03-20 15:00 │ N/A │ 23048.15 │ 23183.85 │  23003.15 │ 68.1/83.0 | 32.4 │ 135.70 │ 3.0 │  WIN   │
│ CALL │ 2025-03-21 13:15 │ 2025-03-21 13:30 │ N/A │ 23381.55 │ 23336.55 │  23336.55 │ 72.8/82.9 | 51.0 │ -45.00 │ 1.0 │  LOSS  │
│ CALL │ 2025-03-21 14:15 │ 2025-03-21 14:30 │ N/A │ 23378.80 │ 23351.85 │  23333.80 │ 65.7/83.4 | 41.5 │ -26.95 │ 0.6 │  LOSS  │
│ CALL │ 2025-03-24 09:45 │ 2025-03-24 15:00 │ N/A │ 23542.10 │ 23652.90 │  23497.10 │ 74.4/88.6 | 38.3 │ 110.80 │ 2.5 │  WIN   │
│ CALL │ 2025-03-25 10:15 │ 2025-03-25 10:30 │ N/A │ 23813.00 │ 23768.00 │  23768.00 │ 68.4/78.8 | 44.8 │ -45.00 │ 1.0 │  LOSS  │
│ PUT  │ 2025-03-25 11:15 │ 2025-03-25 11:45 │ N/A │ 23662.80 │ 23707.80 │  23707.80 │ 49.6/77.7 | 36.8 │ -45.00 │ 1.0 │  LOSS  │
│ PUT  │ 2025-03-25 13:15 │ 2025-03-25 13:30 │ N/A │ 23667.50 │ 23712.50 │  23712.50 │ 49.2/78.0 | 22.0 │ -45.00 │ 1.0 │  LOSS  │
│ PUT  │ 2025-03-26 13:15 │ 2025-03-26 13:30 │ N/A │ 23559.70 │ 23516.85 │  23604.70 │ 37.3/54.1 | 22.3 │  42.85 │ 1.0 │  WIN   │
│ PUT  │ 2025-03-26 14:15 │ 2025-03-26 15:00 │ N/A │ 23542.40 │ 23501.45 │  23587.40 │ 38.3/49.8 | 26.9 │  40.95 │ 0.9 │  WIN   │
│ PUT  │ 2025-03-27 10:45 │ 2025-03-27 11:00 │ N/A │ 23576.30 │ 23602.90 │  23621.30 │ 49.1/57.3 | 23.6 │ -26.60 │ 0.6 │  LOSS  │
│ PUT  │ 2025-03-28 13:30 │ 2025-03-28 14:15 │ N/A │ 23486.55 │ 23531.55 │  23531.55 │ 37.8/46.5 | 21.0 │ -45.00 │ 1.0 │  LOSS  │
│ PUT  │ 2025-04-01 09:45 │ 2025-04-01 14:15 │ N/A │ 23514.85 │ 23154.75 │  23559.85 │ 46.5/42.9 | 21.1 │ 360.10 │ 8.0 │  WIN   │
│ PUT  │ 2025-04-02 09:30 │ 2025-04-02 10:15 │ N/A │ 23234.00 │ 23267.35 │  23279.00 │ 45.9/36.2 | 38.2 │ -33.35 │ 0.7 │  LOSS  │
│ PUT  │ 2025-04-02 11:30 │ 2025-04-02 12:15 │ N/A │ 23259.05 │ 23278.80 │  23304.05 │ 49.5/40.8 | 23.6 │ -19.75 │ 0.4 │  LOSS  │
│ PUT  │ 2025-04-03 12:15 │ 2025-04-03 15:00 │ N/A │ 23266.50 │ 23253.05 │  23311.50 │ 47.0/40.1 | 21.1 │  13.45 │ 0.3 │  WIN   │
│ PUT  │ 2025-04-07 14:30 │ 2025-04-07 14:45 │ N/A │ 22000.20 │ 22045.20 │  22045.20 │ 35.3/30.1 | 50.7 │ -45.00 │ 1.0 │  LOSS  │
│ CALL │ 2025-04-08 10:15 │ 2025-04-08 10:30 │ N/A │ 22424.35 │ 22379.35 │  22379.35 │ 60.8/41.5 | 39.0 │ -45.00 │ 1.0 │  LOSS  │
│ CALL │ 2025-04-08 12:00 │ 2025-04-08 12:15 │ N/A │ 22552.30 │ 22507.30 │  22507.30 │ 63.4/46.1 | 29.6 │ -45.00 │ 1.0 │  LOSS  │
│ CALL │ 2025-04-08 12:30 │ 2025-04-08 13:30 │ N/A │ 22643.95 │ 22598.95 │  22598.95 │ 66.9/50.3 | 30.3 │ -45.00 │ 1.0 │  LOSS  │
│ PUT  │ 2025-04-09 09:45 │ 2025-04-09 10:00 │ N/A │ 22387.85 │ 22432.85 │  22432.85 │ 44.8/40.5 | 21.0 │ -45.00 │ 1.0 │  LOSS  │
│ PUT  │ 2025-04-09 10:30 │ 2025-04-09 11:30 │ N/A │ 22386.60 │ 22431.60 │  22431.60 │ 45.1/40.6 | 21.3 │ -45.00 │ 1.0 │  LOSS  │
│ CALL │ 2025-04-11 10:45 │ 2025-04-11 12:45 │ N/A │ 22806.35 │ 22886.45 │  22761.35 │ 72.9/61.0 | 33.0 │  80.10 │ 1.8 │  WIN   │
│ CALL │ 2025-04-11 13:30 │ 2025-04-11 13:45 │ N/A │ 22875.10 │ 22830.10 │  22830.10 │ 69.3/56.7 | 41.4 │ -45.00 │ 1.0 │  LOSS  │
│ CALL │ 2025-04-15 14:45 │ 2025-04-15 15:00 │ N/A │ 23312.00 │ 23321.20 │  23267.00 │ 72.5/71.1 | 54.8 │   9.20 │ 0.2 │  WIN   │
│ CALL │ 2025-04-16 11:00 │ 2025-04-16 15:00 │ N/A │ 23318.85 │ 23424.55 │  23273.85 │ 60.0/69.2 | 36.3 │ 105.70 │ 2.3 │  WIN   │
│ PUT  │ 2025-04-17 10:00 │ 2025-04-17 10:15 │ N/A │ 23353.40 │ 23398.40 │  23398.40 │ 49.6/65.3 | 22.7 │ -45.00 │ 1.0 │  LOSS  │
│ CALL │ 2025-04-17 12:00 │ 2025-04-17 15:00 │ N/A │ 23634.45 │ 23847.00 │  23589.45 │ 72.6/75.5 | 21.4 │ 212.55 │ 4.7 │  WIN   │
│ CALL │ 2025-04-21 13:45 │ 2025-04-21 15:00 │ N/A │ 24150.05 │ 24114.40 │  24105.05 │ 72.7/82.8 | 57.2 │ -35.65 │ 0.8 │  LOSS  │
│ CALL │ 2025-04-22 09:30 │ 2025-04-22 14:15 │ N/A │ 24180.90 │ 24184.15 │  24135.90 │ 71.2/82.0 | 47.1 │   3.25 │ 0.1 │  WIN   │
│ CALL │ 2025-04-23 09:30 │ 2025-04-23 10:00 │ N/A │ 24320.65 │ 24275.65 │  24275.65 │ 73.2/74.4 | 25.1 │ -45.00 │ 1.0 │  LOSS  │
│ PUT  │ 2025-04-23 10:30 │ 2025-04-23 11:15 │ N/A │ 24169.50 │ 24214.50 │  24214.50 │ 47.2/74.5 | 21.2 │ -45.00 │ 1.0 │  LOSS  │
│ PUT  │ 2025-04-25 13:15 │ 2025-04-25 13:30 │ N/A │ 24036.75 │ 24081.75 │  24081.75 │ 46.5/49.0 | 26.9 │ -45.00 │ 1.0 │  LOSS  │
│ CALL │ 2025-04-28 10:45 │ 2025-04-28 11:00 │ N/A │ 24276.90 │ 24231.90 │  24231.90 │ 63.6/58.4 | 21.6 │ -45.00 │ 1.0 │  LOSS  │
│ CALL │ 2025-04-28 11:15 │ 2025-04-28 15:00 │ N/A │ 24252.90 │ 24324.10 │  24207.90 │ 60.3/61.1 | 22.1 │  71.20 │ 1.6 │  WIN   │
│ CALL │ 2025-04-29 09:45 │ 2025-04-29 10:00 │ N/A │ 24390.25 │ 24345.25 │  24345.25 │ 60.0/62.9 | 23.1 │ -45.00 │ 1.0 │  LOSS  │
│ PUT  │ 2025-05-07 10:00 │ 2025-05-07 10:15 │ N/A │ 24304.10 │ 24349.10 │  24349.10 │ 37.5/43.1 | 24.0 │ -45.00 │ 1.0 │  LOSS  │
│ PUT  │ 2025-05-07 10:45 │ 2025-05-07 11:15 │ N/A │ 24335.80 │ 24380.80 │  24380.80 │ 43.6/50.1 | 31.3 │ -45.00 │ 1.0 │  LOSS  │
│ PUT  │ 2025-05-07 11:45 │ 2025-05-07 12:00 │ N/A │ 24357.75 │ 24374.85 │  24402.75 │ 46.8/50.4 | 33.4 │ -17.10 │ 0.4 │  LOSS  │
│ PUT  │ 2025-05-08 14:30 │ 2025-05-08 15:00 │ N/A │ 24338.20 │ 24309.15 │  24383.20 │ 39.4/41.2 | 22.3 │  29.05 │ 0.6 │  WIN   │
│ PUT  │ 2025-05-09 11:30 │ 2025-05-09 15:00 │ N/A │ 24057.55 │ 24000.55 │  24102.55 │ 36.0/27.1 | 52.7 │  57.00 │ 1.3 │  WIN   │
│ PUT  │ 2025-05-13 10:15 │ 2025-05-13 10:30 │ N/A │ 24658.20 │ 24703.20 │  24703.20 │ 45.9/62.4 | 46.5 │ -45.00 │ 1.0 │  LOSS  │
│ PUT  │ 2025-05-13 12:15 │ 2025-05-13 15:00 │ N/A │ 24712.75 │ 24560.00 │  24757.75 │ 49.3/55.7 | 31.8 │ 152.75 │ 3.4 │  WIN   │
│ PUT  │ 2025-05-14 13:30 │ 2025-05-14 14:15 │ N/A │ 24628.50 │ 24611.20 │  24673.50 │ 45.5/52.2 | 21.2 │  17.30 │ 0.4 │  WIN   │
│ CALL │ 2025-05-15 10:30 │ 2025-05-15 10:45 │ N/A │ 24745.90 │ 24700.90 │  24700.90 │ 61.6/51.5 | 22.7 │ -45.00 │ 1.0 │  LOSS  │
│ PUT  │ 2025-05-15 11:00 │ 2025-05-15 11:15 │ N/A │ 24617.25 │ 24662.25 │  24662.25 │ 47.7/51.5 | 21.4 │ -45.00 │ 1.0 │  LOSS  │
│ CALL │ 2025-05-15 13:15 │ 2025-05-15 15:00 │ N/A │ 24903.60 │ 25056.40 │  24858.60 │ 68.9/70.6 | 22.2 │ 152.80 │ 3.4 │  WIN   │
│ CALL │ 2025-05-16 10:00 │ 2025-05-16 11:00 │ N/A │ 25005.15 │ 24960.15 │  24960.15 │ 63.3/65.0 | 37.0 │ -45.00 │ 1.0 │  LOSS  │
│ CALL │ 2025-05-16 12:30 │ 2025-05-16 15:00 │ N/A │ 25001.55 │ 25024.20 │  24956.55 │ 60.8/64.3 | 30.8 │  22.65 │ 0.5 │  WIN   │
│ CALL │ 2025-05-19 10:00 │ 2025-05-19 12:00 │ N/A │ 25040.85 │ 24995.85 │  24995.85 │ 62.6/65.5 | 23.2 │ -45.00 │ 1.0 │  LOSS  │
│ PUT  │ 2025-05-19 14:45 │ 2025-05-19 15:00 │ N/A │ 24926.45 │ 24945.65 │  24971.45 │ 35.0/56.0 | 22.6 │ -19.20 │ 0.4 │  LOSS  │
│ PUT  │ 2025-05-20 09:30 │ 2025-05-20 10:45 │ N/A │ 24915.75 │ 24960.75 │  24960.75 │ 35.1/51.2 | 21.7 │ -45.00 │ 1.0 │  LOSS  │
│ CALL │ 2025-05-21 10:15 │ 2025-05-21 11:30 │ N/A │ 24893.65 │ 24848.65 │  24848.65 │ 62.9/53.6 | 30.4 │ -45.00 │ 1.0 │  LOSS  │
│ PUT  │ 2025-05-21 11:45 │ 2025-05-21 14:15 │ N/A │ 24827.85 │ 24808.75 │  24872.85 │ 48.1/42.3 | 25.2 │  19.10 │ 0.4 │  WIN   │
│ CALL │ 2025-05-23 09:30 │ 2025-05-23 11:30 │ N/A │ 24781.40 │ 24868.60 │  24736.40 │ 68.3/55.3 | 36.0 │  87.20 │ 1.9 │  WIN   │
│ CALL │ 2025-05-23 12:15 │ 2025-05-23 14:45 │ N/A │ 24869.50 │ 24824.50 │  24824.50 │ 66.2/57.6 | 32.9 │ -45.00 │ 1.0 │  LOSS  │
│ CALL │ 2025-05-26 10:45 │ 2025-05-26 15:00 │ N/A │ 24980.30 │ 25004.45 │  24935.30 │ 61.9/60.3 | 25.0 │  24.15 │ 0.5 │  WIN   │
│ CALL │ 2025-05-27 11:15 │ 2025-05-27 11:30 │ N/A │ 25013.65 │ 24968.65 │  24968.65 │ 61.1/55.4 | 27.7 │ -45.00 │ 1.0 │  LOSS  │
│ PUT  │ 2025-05-27 12:15 │ 2025-05-27 15:00 │ N/A │ 24856.30 │ 24831.80 │  24901.30 │ 45.5/47.8 | 25.1 │  24.50 │ 0.5 │  WIN   │
│ PUT  │ 2025-06-02 10:45 │ 2025-06-02 12:00 │ N/A │ 24616.70 │ 24661.70 │  24661.70 │ 37.1/38.4 | 25.4 │ -45.00 │ 1.0 │  LOSS  │
│ CALL │ 2025-06-05 11:00 │ 2025-06-05 12:45 │ N/A │ 24708.80 │ 24796.35 │  24663.80 │ 63.5/55.9 | 28.1 │  87.55 │ 1.9 │  WIN   │
│ PUT  │ 2025-06-05 14:00 │ 2025-06-05 14:30 │ N/A │ 24713.55 │ 24758.55 │  24758.55 │ 48.6/52.6 | 33.4 │ -45.00 │ 1.0 │  LOSS  │
│ PUT  │ 2025-06-06 09:30 │ 2025-06-06 10:00 │ N/A │ 24687.35 │ 24732.35 │  24732.35 │ 43.0/55.0 | 25.0 │ -45.00 │ 1.0 │  LOSS  │
│ CALL │ 2025-06-06 10:15 │ 2025-06-06 15:00 │ N/A │ 24834.60 │ 25002.10 │  24789.60 │ 64.1/68.3 | 24.0 │ 167.50 │ 3.7 │  WIN   │
│ CALL │ 2025-06-09 11:30 │ 2025-06-09 15:00 │ N/A │ 25112.25 │ 25103.20 │  25067.25 │ 70.2/72.7 | 52.3 │  -9.05 │ 0.2 │  LOSS  │
│ CALL │ 2025-06-10 09:30 │ 2025-06-10 14:30 │ N/A │ 25109.05 │ 25112.80 │  25064.05 │ 60.8/73.3 | 42.8 │   3.75 │ 0.1 │  WIN   │
│ PUT  │ 2025-06-10 14:45 │ 2025-06-10 15:00 │ N/A │ 25102.40 │ 25104.70 │  25147.40 │ 43.3/64.4 | 25.2 │  -2.30 │ 0.1 │  LOSS  │
│ CALL │ 2025-06-11 10:45 │ 2025-06-11 13:30 │ N/A │ 25173.90 │ 25155.65 │  25128.90 │ 64.8/69.9 | 21.5 │ -18.25 │ 0.4 │  LOSS  │
│ PUT  │ 2025-06-11 13:45 │ 2025-06-11 15:00 │ N/A │ 25145.70 │ 25144.95 │  25190.70 │ 44.4/58.7 | 27.4 │   0.75 │ 0.0 │  WIN   │
│ PUT  │ 2025-06-12 11:30 │ 2025-06-12 15:00 │ N/A │ 25035.60 │ 24887.55 │  25080.60 │ 35.3/46.4 | 22.7 │ 148.05 │ 3.3 │  WIN   │
│ PUT  │ 2025-06-13 13:45 │ 2025-06-13 14:00 │ N/A │ 24712.60 │ 24715.85 │  24757.60 │ 41.1/31.9 | 44.9 │  -3.25 │ 0.1 │  LOSS  │
│ PUT  │ 2025-06-13 14:15 │ 2025-06-13 14:30 │ N/A │ 24712.75 │ 24687.65 │  24757.75 │ 41.3/33.1 | 40.7 │  25.10 │ 0.6 │  WIN   │
│ PUT  │ 2025-06-16 09:45 │ 2025-06-16 10:00 │ N/A │ 24737.25 │ 24763.70 │  24782.25 │ 48.7/37.8 | 30.0 │ -26.45 │ 0.6 │  LOSS  │
│ CALL │ 2025-06-16 10:15 │ 2025-06-16 15:00 │ N/A │ 24825.95 │ 24950.70 │  24780.95 │ 60.8/51.9 | 27.1 │ 124.75 │ 2.8 │  WIN   │
│ PUT  │ 2025-06-17 09:30 │ 2025-06-17 15:00 │ N/A │ 24880.40 │ 24862.40 │  24925.40 │ 48.3/45.4 | 35.4 │  18.00 │ 0.4 │  WIN   │
│ PUT  │ 2025-06-18 11:15 │ 2025-06-18 11:30 │ N/A │ 24807.80 │ 24804.75 │  24852.80 │ 38.2/43.6 | 22.3 │   3.05 │ 0.1 │  WIN   │
│ PUT  │ 2025-06-18 12:15 │ 2025-06-18 12:30 │ N/A │ 24791.45 │ 24782.30 │  24836.45 │ 39.1/42.2 | 29.0 │   9.15 │ 0.2 │  WIN   │
│ PUT  │ 2025-06-18 12:45 │ 2025-06-18 13:00 │ N/A │ 24775.40 │ 24800.50 │  24820.40 │ 36.7/42.2 | 31.4 │ -25.10 │ 0.6 │  LOSS  │
│ PUT  │ 2025-06-18 13:30 │ 2025-06-18 15:00 │ N/A │ 24790.75 │ 24813.05 │  24835.75 │ 41.0/40.2 | 32.0 │ -22.30 │ 0.5 │  LOSS  │
│ PUT  │ 2025-06-19 10:30 │ 2025-06-19 13:15 │ N/A │ 24813.05 │ 24785.05 │  24858.05 │ 48.0/45.5 | 26.6 │  28.00 │ 0.6 │  WIN   │
│ PUT  │ 2025-06-19 14:30 │ 2025-06-19 15:00 │ N/A │ 24804.70 │ 24791.75 │  24849.70 │ 48.4/43.8 | 21.8 │  12.95 │ 0.3 │  WIN   │
│ CALL │ 2025-06-20 11:00 │ 2025-06-20 12:30 │ N/A │ 25016.55 │ 24971.55 │  24971.55 │ 73.2/63.7 | 25.0 │ -45.00 │ 1.0 │  LOSS  │
│ CALL │ 2025-06-20 12:45 │ 2025-06-20 13:15 │ N/A │ 25022.50 │ 25067.20 │  24977.50 │ 65.6/64.9 | 29.8 │  44.70 │ 1.0 │  WIN   │
│ CALL │ 2025-06-20 14:00 │ 2025-06-20 15:00 │ N/A │ 25049.65 │ 25116.60 │  25004.65 │ 65.4/65.6 | 32.0 │  66.95 │ 1.5 │  WIN   │
│ PUT  │ 2025-06-23 09:30 │ 2025-06-23 10:30 │ N/A │ 24871.30 │ 24916.30 │  24916.30 │ 37.5/46.3 | 33.6 │ -45.00 │ 1.0 │  LOSS  │
│ PUT  │ 2025-06-23 10:45 │ 2025-06-23 11:30 │ N/A │ 24918.50 │ 24963.50 │  24963.50 │ 45.2/50.9 | 27.7 │ -45.00 │ 1.0 │  LOSS  │
│ PUT  │ 2025-06-23 11:45 │ 2025-06-23 12:30 │ N/A │ 24935.65 │ 24961.10 │  24980.65 │ 47.7/51.8 | 21.3 │ -25.45 │ 0.6 │  LOSS  │
│ CALL │ 2025-06-24 09:45 │ 2025-06-24 12:30 │ N/A │ 25193.00 │ 25148.00 │  25148.00 │ 71.3/67.0 | 25.3 │ -45.00 │ 1.0 │  LOSS  │
│ CALL │ 2025-06-24 12:45 │ 2025-06-24 13:00 │ N/A │ 25245.15 │ 25200.15 │  25200.15 │ 60.4/60.1 | 31.8 │ -45.00 │ 1.0 │  LOSS  │
│ PUT  │ 2025-06-24 13:15 │ 2025-06-24 15:00 │ N/A │ 25134.75 │ 25041.50 │  25179.75 │ 47.6/51.4 | 28.6 │  93.25 │ 2.1 │  WIN   │
│ CALL │ 2025-06-26 12:00 │ 2025-06-26 12:45 │ N/A │ 25396.40 │ 25351.40 │  25351.40 │ 65.3/67.0 | 23.0 │ -45.00 │ 1.0 │  LOSS  │
│ CALL │ 2025-06-26 13:00 │ 2025-06-26 15:00 │ N/A │ 25392.45 │ 25542.10 │  25347.45 │ 61.9/66.6 | 24.8 │ 149.65 │ 3.3 │  WIN   │
│ CALL │ 2025-06-27 09:45 │ 2025-06-27 12:15 │ N/A │ 25545.35 │ 25625.00 │  25500.35 │ 72.4/73.2 | 40.4 │  79.65 │ 1.8 │  WIN   │
│ CALL │ 2025-06-27 13:15 │ 2025-06-27 15:00 │ N/A │ 25634.65 │ 25633.00 │  25589.65 │ 72.6/75.9 | 49.3 │  -1.65 │ 0.0 │  LOSS  │
│ PUT  │ 2025-06-30 09:45 │ 2025-06-30 15:00 │ N/A │ 25558.05 │ 25525.15 │  25603.05 │ 42.1/68.8 | 35.7 │  32.90 │ 0.7 │  WIN   │
│ PUT  │ 2025-07-01 10:00 │ 2025-07-01 15:00 │ N/A │ 25531.30 │ 25537.25 │  25576.30 │ 47.5/58.1 | 25.1 │  -5.95 │ 0.1 │  LOSS  │
│ CALL │ 2025-07-03 09:45 │ 2025-07-03 11:15 │ N/A │ 25545.35 │ 25539.65 │  25500.35 │ 64.1/57.0 | 25.9 │  -5.70 │ 0.1 │  LOSS  │
│ CALL │ 2025-07-03 13:30 │ 2025-07-03 13:45 │ N/A │ 25570.50 │ 25525.50 │  25525.50 │ 64.1/50.3 | 21.2 │ -45.00 │ 1.0 │  LOSS  │
│ PUT  │ 2025-07-10 12:30 │ 2025-07-10 15:00 │ N/A │ 25389.45 │ 25362.75 │  25434.45 │ 36.6/36.9 | 30.5 │  26.70 │ 0.6 │  WIN   │
│ PUT  │ 2025-07-14 13:30 │ 2025-07-14 14:45 │ N/A │ 25048.45 │ 25093.45 │  25093.45 │ 37.2/19.7 | 49.2 │ -45.00 │ 1.0 │  LOSS  │
│ CALL │ 2025-07-15 10:30 │ 2025-07-15 13:15 │ N/A │ 25160.35 │ 25186.95 │  25115.35 │ 61.4/50.5 | 34.8 │  26.60 │ 0.6 │  WIN   │
│ PUT  │ 2025-07-15 14:45 │ 2025-07-15 15:00 │ N/A │ 25160.00 │ 25201.90 │  25205.00 │ 48.0/48.4 | 26.9 │ -41.90 │ 0.9 │  LOSS  │
│ PUT  │ 2025-07-16 10:00 │ 2025-07-16 11:45 │ N/A │ 25141.75 │ 25186.75 │  25186.75 │ 44.3/41.3 | 23.2 │ -45.00 │ 1.0 │  LOSS  │
│ CALL │ 2025-07-16 13:00 │ 2025-07-16 15:00 │ N/A │ 25214.60 │ 25207.50 │  25169.60 │ 62.3/51.6 | 21.4 │  -7.10 │ 0.2 │  LOSS  │
│ PUT  │ 2025-07-18 13:45 │ 2025-07-18 14:30 │ N/A │ 24960.00 │ 25005.00 │  25005.00 │ 38.0/30.7 | 36.0 │ -45.00 │ 1.0 │  LOSS  │
│ CALL │ 2025-07-21 10:45 │ 2025-07-21 11:30 │ N/A │ 25060.20 │ 25015.20 │  25015.20 │ 60.3/46.7 | 24.4 │ -45.00 │ 1.0 │  LOSS  │
│ CALL │ 2025-07-23 13:15 │ 2025-07-23 15:00 │ N/A │ 25167.05 │ 25229.35 │  25122.05 │ 67.0/66.6 | 21.6 │  62.30 │ 1.4 │  WIN   │
│ PUT  │ 2025-07-24 10:00 │ 2025-07-24 15:00 │ N/A │ 25158.45 │ 25069.00 │  25203.45 │ 48.1/55.4 | 26.2 │  89.45 │ 2.0 │  WIN   │
│ PUT  │ 2025-07-28 10:30 │ 2025-07-28 15:00 │ N/A │ 24819.70 │ 24679.75 │  24864.70 │ 40.8/27.0 | 37.5 │ 139.95 │ 3.1 │  WIN   │
│ PUT  │ 2025-07-29 09:30 │ 2025-07-29 10:15 │ N/A │ 24694.20 │ 24632.90 │  24739.20 │ 38.7/19.6 | 43.2 │  61.30 │ 1.4 │  WIN   │
│ PUT  │ 2025-07-29 11:30 │ 2025-07-29 13:00 │ N/A │ 24675.30 │ 24720.30 │  24720.30 │ 42.3/27.3 | 45.6 │ -45.00 │ 1.0 │  LOSS  │
│ CALL │ 2025-07-29 13:30 │ 2025-07-29 15:00 │ N/A │ 24758.85 │ 24813.45 │  24713.85 │ 62.3/44.9 | 30.9 │  54.60 │ 1.2 │  WIN   │
│ CALL │ 2025-07-30 10:00 │ 2025-07-30 10:30 │ N/A │ 24843.05 │ 24798.05 │  24798.05 │ 64.9/51.0 | 32.1 │ -45.00 │ 1.0 │  LOSS  │
│ CALL │ 2025-07-30 11:00 │ 2025-07-30 15:00 │ N/A │ 24846.50 │ 24858.15 │  24801.50 │ 62.2/51.5 | 26.9 │  11.65 │ 0.3 │  WIN   │
│ CALL │ 2025-07-31 12:30 │ 2025-07-31 15:00 │ N/A │ 24856.35 │ 24811.35 │  24811.35 │ 61.2/57.0 | 24.2 │ -45.00 │ 1.0 │  LOSS  │
│ PUT  │ 2025-08-01 10:45 │ 2025-08-01 15:00 │ N/A │ 24743.40 │ 24545.65 │  24788.40 │ 42.9/40.6 | 23.0 │ 197.75 │ 4.4 │  WIN   │
│ PUT  │ 2025-08-04 09:30 │ 2025-08-04 09:45 │ N/A │ 24598.00 │ 24643.00 │  24643.00 │ 41.2/39.3 | 35.9 │ -45.00 │ 1.0 │  LOSS  │
│ PUT  │ 2025-08-04 10:15 │ 2025-08-04 11:00 │ N/A │ 24618.50 │ 24663.50 │  24663.50 │ 44.3/43.4 | 33.7 │ -45.00 │ 1.0 │  LOSS  │
│ PUT  │ 2025-08-05 09:45 │ 2025-08-05 12:00 │ N/A │ 24605.10 │ 24650.10 │  24650.10 │ 36.5/39.7 | 21.6 │ -45.00 │ 1.0 │  LOSS  │
│ PUT  │ 2025-08-05 12:30 │ 2025-08-05 14:15 │ N/A │ 24649.95 │ 24622.35 │  24694.95 │ 48.5/41.7 | 28.2 │  27.60 │ 0.6 │  WIN   │
│ PUT  │ 2025-08-05 14:45 │ 2025-08-05 15:00 │ N/A │ 24611.50 │ 24656.50 │  24656.50 │ 42.2/47.0 | 31.2 │ -45.00 │ 1.0 │  LOSS  │
│ PUT  │ 2025-08-06 09:30 │ 2025-08-06 12:15 │ N/A │ 24621.05 │ 24616.50 │  24666.05 │ 45.5/41.1 | 25.7 │   4.55 │ 0.1 │  WIN   │
│ PUT  │ 2025-08-06 12:30 │ 2025-08-06 13:15 │ N/A │ 24600.10 │ 24620.25 │  24645.10 │ 47.8/44.6 | 25.6 │ -20.15 │ 0.4 │  LOSS  │
│ CALL │ 2025-08-07 14:45 │ 2025-08-07 15:00 │ N/A │ 24537.10 │ 24592.00 │  24492.10 │ 62.4/50.8 | 38.7 │  54.90 │ 1.2 │  WIN   │
│ PUT  │ 2025-08-08 09:45 │ 2025-08-08 12:45 │ N/A │ 24477.20 │ 24459.85 │  24522.20 │ 48.0/41.0 | 30.9 │  17.35 │ 0.4 │  WIN   │
│ PUT  │ 2025-08-08 13:00 │ 2025-08-08 13:30 │ N/A │ 24435.95 │ 24457.75 │  24480.95 │ 45.5/40.7 | 22.4 │ -21.80 │ 0.5 │  LOSS  │
│ CALL │ 2025-08-11 14:15 │ 2025-08-11 15:00 │ N/A │ 24542.75 │ 24585.95 │  24497.75 │ 69.0/57.6 | 21.0 │  43.20 │ 1.0 │  WIN   │
│ PUT  │ 2025-08-12 11:00 │ 2025-08-12 11:15 │ N/A │ 24544.15 │ 24589.15 │  24589.15 │ 49.8/51.8 | 29.6 │ -45.00 │ 1.0 │  LOSS  │
│ CALL │ 2025-08-12 12:30 │ 2025-08-12 13:15 │ N/A │ 24631.70 │ 24586.70 │  24586.70 │ 63.4/55.6 | 22.3 │ -45.00 │ 1.0 │  LOSS  │
│ CALL │ 2025-08-18 11:15 │ 2025-08-18 11:45 │ N/A │ 24961.40 │ 24916.40 │  24916.40 │ 74.7/65.1 | 33.5 │ -45.00 │ 1.0 │  LOSS  │
│ CALL │ 2025-08-18 12:15 │ 2025-08-18 15:00 │ N/A │ 24894.50 │ 24870.15 │  24849.50 │ 60.1/68.5 | 31.2 │ -24.35 │ 0.5 │  LOSS  │
│ CALL │ 2025-08-19 12:45 │ 2025-08-19 13:00 │ N/A │ 24991.40 │ 24986.25 │  24946.40 │ 66.3/67.7 | 22.5 │  -5.15 │ 0.1 │  LOSS  │
│ CALL │ 2025-08-20 12:45 │ 2025-08-20 15:00 │ N/A │ 25058.60 │ 25048.75 │  25013.60 │ 68.3/69.7 | 21.6 │  -9.85 │ 0.2 │  LOSS  │
│ CALL │ 2025-08-21 09:45 │ 2025-08-21 10:15 │ N/A │ 25104.35 │ 25132.30 │  25059.35 │ 68.3/71.9 | 27.3 │  27.95 │ 0.6 │  WIN   │
│ CALL │ 2025-08-21 10:30 │ 2025-08-21 10:45 │ N/A │ 25135.80 │ 25127.75 │  25090.80 │ 73.3/72.2 | 32.4 │  -8.05 │ 0.2 │  LOSS  │
│ CALL │ 2025-08-21 11:15 │ 2025-08-21 11:30 │ N/A │ 25121.95 │ 25128.65 │  25076.95 │ 67.3/69.9 | 34.4 │   6.70 │ 0.1 │  WIN   │
│ CALL │ 2025-08-21 12:30 │ 2025-08-21 13:30 │ N/A │ 25122.55 │ 25077.55 │  25077.55 │ 62.4/70.7 | 32.6 │ -45.00 │ 1.0 │  LOSS  │
│ CALL │ 2025-08-21 14:00 │ 2025-08-21 14:15 │ N/A │ 25125.35 │ 25123.70 │  25080.35 │ 60.3/71.3 | 27.5 │  -1.65 │ 0.0 │  LOSS  │
│ PUT  │ 2025-08-22 13:45 │ 2025-08-22 15:00 │ N/A │ 24930.80 │ 24873.30 │  24975.80 │ 36.5/43.7 | 33.6 │  57.50 │ 1.3 │  WIN   │
│ PUT  │ 2025-08-25 09:45 │ 2025-08-25 10:15 │ N/A │ 24925.95 │ 24914.70 │  24970.95 │ 46.4/43.9 | 29.8 │  11.25 │ 0.2 │  WIN   │
│ PUT  │ 2025-08-26 11:30 │ 2025-08-26 13:15 │ N/A │ 24806.25 │ 24807.60 │  24851.25 │ 37.3/35.4 | 34.6 │  -1.35 │ 0.0 │  LOSS  │
│ PUT  │ 2025-08-26 13:45 │ 2025-08-26 15:00 │ N/A │ 24805.30 │ 24695.00 │  24850.30 │ 40.2/33.5 | 29.3 │ 110.30 │ 2.5 │  WIN   │
│ PUT  │ 2025-08-28 11:00 │ 2025-08-28 15:00 │ N/A │ 24653.90 │ 24502.25 │  24698.90 │ 41.3/33.1 | 43.1 │ 151.65 │ 3.4 │  WIN   │
│ PUT  │ 2025-08-29 10:45 │ 2025-08-29 11:30 │ N/A │ 24525.15 │ 24570.15 │  24570.15 │ 42.7/36.6 | 34.8 │ -45.00 │ 1.0 │  LOSS  │
│ PUT  │ 2025-08-29 11:45 │ 2025-08-29 15:00 │ N/A │ 24546.25 │ 24406.75 │  24591.25 │ 46.6/36.4 | 26.8 │ 139.50 │ 3.1 │  WIN   │
│ CALL │ 2025-09-01 14:30 │ 2025-09-01 15:00 │ N/A │ 24615.40 │ 24624.45 │  24570.40 │ 62.8/50.2 | 23.2 │   9.05 │ 0.2 │  WIN   │
│ CALL │ 2025-09-02 09:30 │ 2025-09-02 13:30 │ N/A │ 24688.75 │ 24655.05 │  24643.75 │ 72.9/59.0 | 32.2 │ -33.70 │ 0.7 │  LOSS  │
│ PUT  │ 2025-09-02 14:45 │ 2025-09-02 15:00 │ N/A │ 24574.45 │ 24584.80 │  24619.45 │ 36.8/45.1 | 41.7 │ -10.35 │ 0.2 │  LOSS  │
│ PUT  │ 2025-09-03 09:30 │ 2025-09-03 10:00 │ N/A │ 24551.95 │ 24596.95 │  24596.95 │ 36.3/47.5 | 38.7 │ -45.00 │ 1.0 │  LOSS  │
│ PUT  │ 2025-09-03 10:15 │ 2025-09-03 11:15 │ N/A │ 24597.35 │ 24572.65 │  24642.35 │ 45.6/44.9 | 32.4 │  24.70 │ 0.5 │  WIN   │
│ PUT  │ 2025-09-03 12:45 │ 2025-09-03 13:15 │ N/A │ 24599.25 │ 24617.65 │  24644.25 │ 47.6/47.7 | 21.7 │ -18.40 │ 0.4 │  LOSS  │
│ CALL │ 2025-09-03 14:45 │ 2025-09-03 15:00 │ N/A │ 24681.00 │ 24725.35 │  24636.00 │ 62.9/58.2 | 22.5 │  44.35 │ 1.0 │  WIN   │
│ CALL │ 2025-09-04 10:15 │ 2025-09-04 10:30 │ N/A │ 24846.55 │ 24816.50 │  24801.55 │ 68.0/63.0 | 39.4 │ -30.05 │ 0.7 │  LOSS  │
│ CALL │ 2025-09-04 10:45 │ 2025-09-04 11:00 │ N/A │ 24831.90 │ 24815.50 │  24786.90 │ 64.4/63.0 | 40.0 │ -16.40 │ 0.4 │  LOSS  │
│ CALL │ 2025-09-04 11:15 │ 2025-09-04 12:15 │ N/A │ 24823.85 │ 24778.85 │  24778.85 │ 62.5/62.0 | 40.2 │ -45.00 │ 1.0 │  LOSS  │
│ PUT  │ 2025-09-05 10:00 │ 2025-09-05 10:15 │ N/A │ 24679.35 │ 24724.35 │  24724.35 │ 38.9/48.4 | 22.0 │ -45.00 │ 1.0 │  LOSS  │
│ PUT  │ 2025-09-05 10:30 │ 2025-09-05 13:45 │ N/A │ 24702.15 │ 24747.15 │  24747.15 │ 43.0/49.6 | 23.1 │ -45.00 │ 1.0 │  LOSS  │
│ CALL │ 2025-09-08 09:30 │ 2025-09-08 10:30 │ N/A │ 24829.05 │ 24784.05 │  24784.05 │ 65.2/59.5 | 23.9 │ -45.00 │ 1.0 │  LOSS  │
│ CALL │ 2025-09-08 11:15 │ 2025-09-08 13:45 │ N/A │ 24818.60 │ 24848.95 │  24773.60 │ 60.9/62.4 | 25.1 │  30.35 │ 0.7 │  WIN   │
│ CALL │ 2025-09-08 14:00 │ 2025-09-08 14:45 │ N/A │ 24856.10 │ 24811.10 │  24811.10 │ 62.6/63.3 | 27.9 │ -45.00 │ 1.0 │  LOSS  │
│ CALL │ 2025-09-10 10:45 │ 2025-09-10 13:00 │ N/A │ 25012.15 │ 24967.15 │  24967.15 │ 71.1/73.2 | 28.2 │ -45.00 │ 1.0 │  LOSS  │
│ CALL │ 2025-09-12 10:30 │ 2025-09-12 15:00 │ N/A │ 25088.50 │ 25115.80 │  25043.50 │ 73.7/75.3 | 23.2 │  27.30 │ 0.6 │  WIN   │
│ PUT  │ 2025-09-15 09:30 │ 2025-09-15 11:15 │ N/A │ 25090.45 │ 25087.45 │  25135.45 │ 49.1/66.8 | 29.3 │   3.00 │ 0.1 │  WIN   │
│ CALL │ 2025-09-16 10:15 │ 2025-09-16 13:45 │ N/A │ 25168.30 │ 25175.70 │  25123.30 │ 67.9/71.6 | 22.6 │   7.40 │ 0.2 │  WIN   │
│ CALL │ 2025-09-16 14:00 │ 2025-09-16 15:00 │ N/A │ 25180.80 │ 25240.65 │  25135.80 │ 61.9/72.0 | 28.7 │  59.85 │ 1.3 │  WIN   │
│ CALL │ 2025-09-17 11:45 │ 2025-09-17 14:00 │ N/A │ 25333.80 │ 25304.10 │  25288.80 │ 74.1/81.3 | 46.9 │ -29.70 │ 0.7 │  LOSS  │
│ CALL │ 2025-09-17 14:45 │ 2025-09-17 15:00 │ N/A │ 25325.60 │ 25328.30 │  25280.60 │ 63.0/75.7 | 38.9 │   2.70 │ 0.1 │  WIN   │
│ CALL │ 2025-09-18 11:15 │ 2025-09-18 12:30 │ N/A │ 25425.15 │ 25380.15 │  25380.15 │ 73.8/81.0 | 45.2 │ -45.00 │ 1.0 │  LOSS  │
│ PUT  │ 2025-09-18 13:00 │ 2025-09-18 15:00 │ N/A │ 25361.95 │ 25406.95 │  25406.95 │ 45.6/67.9 | 37.5 │ -45.00 │ 1.0 │  LOSS  │
│ PUT  │ 2025-09-19 09:30 │ 2025-09-19 13:15 │ N/A │ 25340.55 │ 25344.95 │  25385.55 │ 42.2/55.8 | 25.3 │  -4.40 │ 0.1 │  LOSS  │
│ PUT  │ 2025-09-22 10:45 │ 2025-09-22 15:00 │ N/A │ 25310.40 │ 25195.55 │  25355.40 │ 45.5/49.6 | 22.1 │ 114.85 │ 2.6 │  WIN   │
│ PUT  │ 2025-09-23 12:45 │ 2025-09-23 13:00 │ N/A │ 25183.75 │ 25197.90 │  25228.75 │ 50.0/44.2 | 35.3 │ -14.15 │ 0.3 │  LOSS  │
│ PUT  │ 2025-09-23 14:45 │ 2025-09-23 15:00 │ N/A │ 25184.15 │ 25174.50 │  25229.15 │ 47.2/42.0 | 28.8 │   9.65 │ 0.2 │  WIN   │
│ PUT  │ 2025-09-24 12:30 │ 2025-09-24 13:15 │ N/A │ 25092.40 │ 25137.40 │  25137.40 │ 42.3/42.6 | 25.2 │ -45.00 │ 1.0 │  LOSS  │
│ PUT  │ 2025-09-25 09:30 │ 2025-09-25 15:00 │ N/A │ 25054.00 │ 24883.30 │  25099.00 │ 37.2/34.5 | 26.6 │ 170.70 │ 3.8 │  WIN   │
│ PUT  │ 2025-09-29 10:45 │ 2025-09-29 13:45 │ N/A │ 24744.30 │ 24713.05 │  24789.30 │ 47.6/32.5 | 34.1 │  31.25 │ 0.7 │  WIN   │
│ PUT  │ 2025-09-29 14:30 │ 2025-09-29 15:00 │ N/A │ 24688.75 │ 24639.65 │  24733.75 │ 45.9/31.9 | 23.3 │  49.10 │ 1.1 │  WIN   │
│ PUT  │ 2025-09-30 09:30 │ 2025-09-30 15:00 │ N/A │ 24649.85 │ 24614.85 │  24694.85 │ 41.6/33.7 | 21.7 │  35.00 │ 0.8 │  WIN   │
│ CALL │ 2025-10-01 13:45 │ 2025-10-01 15:00 │ N/A │ 24783.90 │ 24822.50 │  24738.90 │ 65.0/53.9 | 21.5 │  38.60 │ 0.9 │  WIN   │
│ CALL │ 2025-10-03 09:45 │ 2025-10-03 10:15 │ N/A │ 24828.55 │ 24783.55 │  24783.55 │ 60.3/52.9 | 26.1 │ -45.00 │ 1.0 │  LOSS  │
│ CALL │ 2025-10-03 12:00 │ 2025-10-03 15:00 │ N/A │ 24840.40 │ 24888.50 │  24795.40 │ 60.3/56.6 | 24.3 │  48.10 │ 1.1 │  WIN   │
│ CALL │ 2025-10-06 09:30 │ 2025-10-06 15:00 │ N/A │ 24944.80 │ 25074.50 │  24899.80 │ 73.5/66.0 | 29.9 │ 129.70 │ 2.9 │  WIN   │
│ CALL │ 2025-10-07 11:45 │ 2025-10-07 14:30 │ N/A │ 25130.65 │ 25134.40 │  25085.65 │ 61.9/73.1 | 36.2 │   3.75 │ 0.1 │  WIN   │
│ PUT  │ 2025-10-08 10:15 │ 2025-10-08 13:00 │ N/A │ 25132.15 │ 25098.05 │  25177.15 │ 48.3/52.6 | 21.3 │  34.10 │ 0.8 │  WIN   │
│ PUT  │ 2025-10-08 13:15 │ 2025-10-08 13:30 │ N/A │ 25092.65 │ 25117.30 │  25137.65 │ 49.2/54.3 | 23.5 │ -24.65 │ 0.5 │  LOSS  │
│ CALL │ 2025-10-10 09:30 │ 2025-10-10 15:00 │ N/A │ 25268.10 │ 25284.20 │  25223.10 │ 74.5/68.1 | 22.1 │  16.10 │ 0.4 │  WIN   │
│ PUT  │ 2025-10-13 09:45 │ 2025-10-13 12:15 │ N/A │ 25201.30 │ 25191.00 │  25246.30 │ 36.8/54.0 | 32.4 │  10.30 │ 0.2 │  WIN   │
│ PUT  │ 2025-10-13 13:15 │ 2025-10-13 14:15 │ N/A │ 25187.75 │ 25232.75 │  25232.75 │ 39.6/54.8 | 30.9 │ -45.00 │ 1.0 │  LOSS  │
│ PUT  │ 2025-10-14 09:45 │ 2025-10-14 13:45 │ N/A │ 25207.55 │ 25123.05 │  25252.55 │ 46.5/52.1 | 23.0 │  84.50 │ 1.9 │  WIN   │
│ PUT  │ 2025-10-14 14:00 │ 2025-10-14 14:30 │ N/A │ 25122.75 │ 25167.75 │  25167.75 │ 42.9/44.3 | 26.0 │ -45.00 │ 1.0 │  LOSS  │
│ CALL │ 2025-10-15 10:00 │ 2025-10-15 11:15 │ N/A │ 25251.25 │ 25319.25 │  25206.25 │ 61.0/58.9 | 22.5 │  68.00 │ 1.5 │  WIN   │
│ CALL │ 2025-10-15 11:45 │ 2025-10-15 12:00 │ N/A │ 25306.95 │ 25288.25 │  25261.95 │ 63.4/61.7 | 31.8 │ -18.70 │ 0.4 │  LOSS  │
│ CALL │ 2025-10-15 12:15 │ 2025-10-15 15:00 │ N/A │ 25307.00 │ 25327.95 │  25262.00 │ 62.1/64.7 | 33.1 │  20.95 │ 0.5 │  WIN   │
│ CALL │ 2025-10-16 09:30 │ 2025-10-16 14:15 │ N/A │ 25431.40 │ 25581.25 │  25386.40 │ 73.9/72.3 | 32.6 │ 149.85 │ 3.3 │  WIN   │
│ CALL │ 2025-10-17 09:30 │ 2025-10-17 09:45 │ N/A │ 25618.90 │ 25573.90 │  25573.90 │ 74.1/84.1 | 48.1 │ -45.00 │ 1.0 │  LOSS  │
│ CALL │ 2025-10-17 14:30 │ 2025-10-17 15:00 │ N/A │ 25731.10 │ 25708.35 │  25686.10 │ 63.1/74.5 | 26.1 │ -22.75 │ 0.5 │  LOSS  │
│ CALL │ 2025-10-20 10:00 │ 2025-10-20 11:15 │ N/A │ 25856.55 │ 25854.90 │  25811.55 │ 67.3/80.5 | 27.8 │  -1.65 │ 0.0 │  LOSS  │
│ CALL │ 2025-10-20 11:45 │ 2025-10-20 12:00 │ N/A │ 25843.35 │ 25855.25 │  25798.35 │ 61.1/78.4 | 28.5 │  11.90 │ 0.3 │  WIN   │
│ CALL │ 2025-10-20 12:30 │ 2025-10-20 14:15 │ N/A │ 25868.70 │ 25823.70 │  25823.70 │ 63.7/80.1 | 27.9 │ -45.00 │ 1.0 │  LOSS  │
│ CALL │ 2025-10-21 14:00 │ 2025-10-21 14:15 │ N/A │ 25896.90 │ 25874.75 │  25851.90 │ 63.2/70.2 | 21.3 │ -22.15 │ 0.5 │  LOSS  │
│ PUT  │ 2025-10-21 14:30 │ 2025-10-23 09:15 │ N/A │ 25833.30 │ 25878.30 │  25878.30 │ 49.4/70.2 | 21.2 │ -45.00 │ 1.0 │  LOSS  │
│ CALL │ 2025-10-23 09:30 │ 2025-10-23 11:00 │ N/A │ 26074.30 │ 26058.00 │  26029.30 │ 73.7/81.3 | 25.3 │ -16.30 │ 0.4 │  LOSS  │
│ CALL │ 2025-10-23 11:30 │ 2025-10-23 13:30 │ N/A │ 26056.55 │ 26011.55 │  26011.55 │ 66.0/77.5 | 33.4 │ -45.00 │ 1.0 │  LOSS  │
│ PUT  │ 2025-10-24 09:45 │ 2025-10-24 15:00 │ N/A │ 25893.10 │ 25799.50 │  25938.10 │ 39.3/56.9 | 24.2 │  93.60 │ 2.1 │  WIN   │
│ CALL │ 2025-10-27 09:30 │ 2025-10-27 12:15 │ N/A │ 25937.20 │ 25968.90 │  25892.20 │ 63.4/61.5 | 28.9 │  31.70 │ 0.7 │  WIN   │
│ CALL │ 2025-10-27 12:30 │ 2025-10-27 12:45 │ N/A │ 25974.30 │ 25974.40 │  25929.30 │ 61.3/60.9 | 31.9 │   0.10 │ 0.0 │  WIN   │
│ PUT  │ 2025-10-28 11:00 │ 2025-10-28 11:45 │ N/A │ 25852.30 │ 25897.30 │  25897.30 │ 35.3/48.5 | 21.3 │ -45.00 │ 1.0 │  LOSS  │
│ PUT  │ 2025-10-28 12:00 │ 2025-10-28 12:30 │ N/A │ 25843.65 │ 25888.65 │  25888.65 │ 36.2/47.8 | 23.0 │ -45.00 │ 1.0 │  LOSS  │
│ CALL │ 2025-10-29 10:15 │ 2025-10-29 15:00 │ N/A │ 26042.50 │ 26043.55 │  25997.50 │ 65.4/61.1 | 22.2 │   1.05 │ 0.0 │  WIN   │
│ PUT  │ 2025-10-30 10:15 │ 2025-10-30 12:30 │ N/A │ 25938.05 │ 25920.45 │  25983.05 │ 39.7/50.5 | 24.8 │  17.60 │ 0.4 │  WIN   │
│ PUT  │ 2025-10-30 12:45 │ 2025-10-30 15:00 │ N/A │ 25906.50 │ 25873.75 │  25951.50 │ 38.6/47.6 | 23.3 │  32.75 │ 0.7 │  WIN   │
│ PUT  │ 2025-10-31 10:00 │ 2025-10-31 13:00 │ N/A │ 25879.00 │ 25800.65 │  25924.00 │ 41.3/43.9 | 29.6 │  78.35 │ 1.7 │  WIN   │
│ PUT  │ 2025-10-31 14:30 │ 2025-10-31 15:00 │ N/A │ 25774.25 │ 25715.75 │  25819.25 │ 36.1/31.9 | 41.5 │  58.50 │ 1.3 │  WIN   │
│ PUT  │ 2025-11-03 10:00 │ 2025-11-03 10:30 │ N/A │ 25712.35 │ 25757.35 │  25757.35 │ 38.3/32.8 | 48.5 │ -45.00 │ 1.0 │  LOSS  │
│ PUT  │ 2025-11-03 10:45 │ 2025-11-03 13:45 │ N/A │ 25749.25 │ 25765.25 │  25794.25 │ 45.7/38.8 | 46.8 │ -16.00 │ 0.4 │  LOSS  │
│ PUT  │ 2025-11-03 14:45 │ 2025-11-03 15:00 │ N/A │ 25759.00 │ 25765.95 │  25804.00 │ 49.5/42.9 | 29.1 │  -6.95 │ 0.2 │  LOSS  │
│ PUT  │ 2025-11-04 09:30 │ 2025-11-04 15:00 │ N/A │ 25718.60 │ 25600.00 │  25763.60 │ 40.5/37.0 | 27.5 │ 118.60 │ 2.6 │  WIN   │
│ PUT  │ 2025-11-06 09:30 │ 2025-11-06 15:00 │ N/A │ 25610.00 │ 25500.60 │  25655.00 │ 36.8/25.2 | 34.7 │ 109.40 │ 2.4 │  WIN   │
│ PUT  │ 2025-11-07 11:45 │ 2025-11-07 12:15 │ N/A │ 25437.75 │ 25456.90 │  25482.75 │ 44.6/35.5 | 25.7 │ -19.15 │ 0.4 │  LOSS  │
│ CALL │ 2025-11-10 10:45 │ 2025-11-10 13:15 │ N/A │ 25612.20 │ 25638.25 │  25567.20 │ 65.6/54.4 | 22.6 │  26.05 │ 0.6 │  WIN   │
│ CALL │ 2025-11-10 14:15 │ 2025-11-10 15:00 │ N/A │ 25636.80 │ 25591.80 │  25591.80 │ 60.3/47.2 | 26.8 │ -45.00 │ 1.0 │  LOSS  │
│ CALL │ 2025-11-11 13:30 │ 2025-11-11 15:00 │ N/A │ 25626.45 │ 25694.90 │  25581.45 │ 64.8/56.7 | 21.4 │  68.45 │ 1.5 │  WIN   │
│ CALL │ 2025-11-12 14:45 │ 2025-11-12 15:00 │ N/A │ 25894.55 │ 25884.40 │  25849.55 │ 67.2/68.6 | 51.6 │ -10.15 │ 0.2 │  LOSS  │
│ CALL │ 2025-11-13 10:00 │ 2025-11-13 14:00 │ N/A │ 25898.50 │ 25894.45 │  25853.50 │ 63.2/68.8 | 38.3 │  -4.05 │ 0.1 │  LOSS  │
│ PUT  │ 2025-11-13 14:45 │ 2025-11-13 15:00 │ N/A │ 25878.70 │ 25878.55 │  25923.70 │ 41.4/59.5 | 24.4 │   0.15 │ 0.0 │  WIN   │
│ PUT  │ 2025-11-14 09:45 │ 2025-11-14 11:00 │ N/A │ 25810.70 │ 25855.70 │  25855.70 │ 35.2/48.4 | 26.3 │ -45.00 │ 1.0 │  LOSS  │
│ PUT  │ 2025-11-14 11:15 │ 2025-11-14 14:15 │ N/A │ 25815.20 │ 25784.00 │  25860.20 │ 42.0/52.3 | 26.1 │  31.20 │ 0.7 │  WIN   │
│ PUT  │ 2025-11-14 14:45 │ 2025-11-14 15:00 │ N/A │ 25766.30 │ 25811.30 │  25811.30 │ 39.9/60.0 | 23.5 │ -45.00 │ 1.0 │  LOSS  │
│ CALL │ 2025-11-17 09:30 │ 2025-11-17 10:15 │ N/A │ 25971.40 │ 25939.35 │  25926.40 │ 66.4/60.9 | 24.8 │ -32.05 │ 0.7 │  LOSS  │
│ CALL │ 2025-11-17 10:45 │ 2025-11-17 11:00 │ N/A │ 25943.20 │ 25946.20 │  25898.20 │ 61.0/60.5 | 24.2 │   3.00 │ 0.1 │  WIN   │
│ CALL │ 2025-11-17 11:45 │ 2025-11-17 15:00 │ N/A │ 25965.30 │ 26012.40 │  25920.30 │ 62.9/62.1 | 22.4 │  47.10 │ 1.0 │  WIN   │
│ PUT  │ 2025-11-18 09:30 │ 2025-11-18 12:15 │ N/A │ 25952.05 │ 25953.00 │  25997.05 │ 48.3/50.9 | 24.5 │  -0.95 │ 0.0 │  LOSS  │
│ CALL │ 2025-11-20 10:00 │ 2025-11-20 15:00 │ N/A │ 26099.65 │ 26203.20 │  26054.65 │ 68.7/65.6 | 27.5 │ 103.55 │ 2.3 │  WIN   │
│ PUT  │ 2025-11-21 09:30 │ 2025-11-21 11:15 │ N/A │ 26131.30 │ 26103.00 │  26176.30 │ 44.6/54.6 | 47.0 │  28.30 │ 0.6 │  WIN   │
│ PUT  │ 2025-11-21 11:30 │ 2025-11-21 11:45 │ N/A │ 26086.35 │ 26093.10 │  26131.35 │ 39.6/58.0 | 38.6 │  -6.75 │ 0.1 │  LOSS  │
│ PUT  │ 2025-11-21 13:15 │ 2025-11-21 13:30 │ N/A │ 26116.35 │ 26103.40 │  26161.35 │ 47.2/60.1 | 27.7 │  12.95 │ 0.3 │  WIN   │
│ PUT  │ 2025-11-25 10:15 │ 2025-11-25 15:00 │ N/A │ 26010.55 │ 25886.00 │  26055.55 │ 43.7/40.6 | 27.5 │ 124.55 │ 2.8 │  WIN   │
│ CALL │ 2025-11-26 09:45 │ 2025-11-26 15:00 │ N/A │ 26077.45 │ 26213.50 │  26032.45 │ 61.2/54.6 | 23.1 │ 136.05 │ 3.0 │  WIN   │
│ CALL │ 2025-11-27 09:45 │ 2025-11-27 11:15 │ N/A │ 26283.90 │ 26279.25 │  26238.90 │ 68.1/65.9 | 37.3 │  -4.65 │ 0.1 │  LOSS  │
│ PUT  │ 2025-11-27 13:00 │ 2025-11-27 14:30 │ N/A │ 26177.25 │ 26222.25 │  26222.25 │ 42.7/54.7 | 33.6 │ -45.00 │ 1.0 │  LOSS  │
│ PUT  │ 2025-11-27 14:45 │ 2025-11-27 15:00 │ N/A │ 26185.95 │ 26212.65 │  26230.95 │ 46.5/57.4 | 25.1 │ -26.70 │ 0.6 │  LOSS  │
│ CALL │ 2025-12-01 10:00 │ 2025-12-01 10:45 │ N/A │ 26284.95 │ 26239.95 │  26239.95 │ 62.9/61.9 | 21.1 │ -45.00 │ 1.0 │  LOSS  │
│ PUT  │ 2025-12-01 13:15 │ 2025-12-01 14:00 │ N/A │ 26173.60 │ 26218.60 │  26218.60 │ 39.5/53.1 | 22.7 │ -45.00 │ 1.0 │  LOSS  │
│ PUT  │ 2025-12-01 14:15 │ 2025-12-01 15:00 │ N/A │ 26206.90 │ 26179.50 │  26251.90 │ 48.9/49.4 | 21.2 │  27.40 │ 0.6 │  WIN   │
│ PUT  │ 2025-12-02 11:00 │ 2025-12-02 14:15 │ N/A │ 26080.75 │ 26041.40 │  26125.75 │ 36.8/40.9 | 36.5 │  39.35 │ 0.9 │  WIN   │
│ PUT  │ 2025-12-03 12:15 │ 2025-12-03 13:15 │ N/A │ 25951.95 │ 25939.65 │  25996.95 │ 41.8/33.9 | 42.0 │  12.30 │ 0.3 │  WIN   │
│ PUT  │ 2025-12-03 13:30 │ 2025-12-03 13:45 │ N/A │ 25928.30 │ 25917.15 │  25973.30 │ 38.9/35.4 | 37.8 │  11.15 │ 0.2 │  WIN   │
│ PUT  │ 2025-12-03 14:15 │ 2025-12-03 14:45 │ N/A │ 25921.45 │ 25966.45 │  25966.45 │ 40.4/41.5 | 35.2 │ -45.00 │ 1.0 │  LOSS  │
│ CALL │ 2025-12-04 09:30 │ 2025-12-04 11:15 │ N/A │ 26028.15 │ 26060.60 │  25983.15 │ 62.4/48.2 | 26.5 │  32.45 │ 0.7 │  WIN   │
│ CALL │ 2025-12-05 12:15 │ 2025-12-05 15:00 │ N/A │ 26166.50 │ 26188.65 │  26121.50 │ 68.2/62.2 | 21.4 │  22.15 │ 0.5 │  WIN   │
│ PUT  │ 2025-12-08 09:30 │ 2025-12-08 15:00 │ N/A │ 26130.35 │ 25971.15 │  26175.35 │ 49.5/50.6 | 21.1 │ 159.20 │ 3.5 │  WIN   │
│ PUT  │ 2025-12-09 11:15 │ 2025-12-09 12:15 │ N/A │ 25863.45 │ 25908.45 │  25908.45 │ 42.4/40.3 | 40.6 │ -45.00 │ 1.0 │  LOSS  │
│ PUT  │ 2025-12-09 12:30 │ 2025-12-09 15:00 │ N/A │ 25883.45 │ 25835.35 │  25928.45 │ 47.2/39.3 | 32.3 │  48.10 │ 1.1 │  WIN   │
│ CALL │ 2025-12-11 14:15 │ 2025-12-11 14:45 │ N/A │ 25916.50 │ 25871.50 │  25871.50 │ 61.5/50.9 | 21.9 │ -45.00 │ 1.0 │  LOSS  │
│ CALL │ 2025-12-12 09:30 │ 2025-12-12 09:45 │ N/A │ 26024.85 │ 26006.50 │  25979.85 │ 70.8/59.5 | 26.2 │ -18.35 │ 0.4 │  LOSS  │
│ CALL │ 2025-12-12 11:00 │ 2025-12-12 15:00 │ N/A │ 25990.80 │ 26053.95 │  25945.80 │ 62.5/59.6 | 26.5 │  63.15 │ 1.4 │  WIN   │
│ PUT  │ 2025-12-15 09:30 │ 2025-12-15 10:00 │ N/A │ 25917.15 │ 25962.15 │  25962.15 │ 37.3/51.9 | 30.4 │ -45.00 │ 1.0 │  LOSS  │
│ PUT  │ 2025-12-15 10:30 │ 2025-12-15 11:15 │ N/A │ 25968.15 │ 25991.70 │  26013.15 │ 47.5/54.0 | 24.9 │ -23.55 │ 0.5 │  LOSS  │
│ PUT  │ 2025-12-16 12:30 │ 2025-12-16 15:00 │ N/A │ 25894.35 │ 25856.05 │  25939.35 │ 38.4/41.9 | 26.9 │  38.30 │ 0.9 │  WIN   │
│ CALL │ 2025-12-19 10:15 │ 2025-12-19 11:30 │ N/A │ 25959.90 │ 25914.90 │  25914.90 │ 66.8/60.1 | 22.0 │ -45.00 │ 1.0 │  LOSS  │
│ CALL │ 2025-12-22 11:15 │ 2025-12-22 15:00 │ N/A │ 26136.55 │ 26174.80 │  26091.55 │ 72.8/72.9 | 37.4 │  38.25 │ 0.8 │  WIN   │
│ CALL │ 2025-12-23 09:45 │ 2025-12-23 14:15 │ N/A │ 26174.00 │ 26213.55 │  26129.00 │ 63.9/74.7 | 42.0 │  39.55 │ 0.9 │  WIN   │
│ PUT  │ 2025-12-23 14:30 │ 2025-12-23 15:00 │ N/A │ 26167.20 │ 26184.00 │  26212.20 │ 48.9/70.9 | 33.6 │ -16.80 │ 0.4 │  LOSS  │
│ CALL │ 2025-12-24 09:45 │ 2025-12-24 11:00 │ N/A │ 26221.85 │ 26210.15 │  26176.85 │ 61.0/72.7 | 30.5 │ -11.70 │ 0.3 │  LOSS  │
│ PUT  │ 2025-12-24 11:30 │ 2025-12-24 12:15 │ N/A │ 26185.45 │ 26202.00 │  26230.45 │ 47.3/65.0 | 27.2 │ -16.55 │ 0.4 │  LOSS  │
│ PUT  │ 2025-12-24 12:30 │ 2025-12-24 15:00 │ N/A │ 26193.10 │ 26154.80 │  26238.10 │ 49.6/62.8 | 21.2 │  38.30 │ 0.9 │  WIN   │
│ PUT  │ 2025-12-29 09:45 │ 2025-12-29 15:00 │ N/A │ 26037.25 │ 25944.05 │  26082.25 │ 40.3/38.1 | 36.6 │  93.20 │ 2.1 │  WIN   │
│ PUT  │ 2025-12-30 09:45 │ 2025-12-30 15:00 │ N/A │ 25935.70 │ 25942.00 │  25980.70 │ 41.8/27.7 | 36.9 │  -6.30 │ 0.1 │  LOSS  │
│ CALL │ 2025-12-31 10:00 │ 2025-12-31 11:30 │ N/A │ 25997.00 │ 26070.50 │  25952.00 │ 60.7/50.2 | 24.7 │  73.50 │ 1.6 │  WIN   │
└──────┴──────────────────┴──────────────────┴─────┴──────────┴──────────┴───────────┴──────────────────


10297.95 * 30 = 308910
4532 * 75 = 339900

648810


sensex - 12004 *30 = 360120
nifty - 4493.86*75= 336975
banknifty - 9233.37 * 30 = 276990

360120 + 336975 + 276990 = 974085
