                                                    📈 Trade Summary: nifty50 (15minute/60minute)                                                     
┏━━━━━━┳━━━━━━━━━━━┳━━━━━━━━━━━━━━━━━━┳━━━━━━━━━━━━━━━━━━┳━━━━━┳━━━━━━━━━━━━┳━━━━━━━━━━━━┳━━━━━━━━━━━━┳━━━━━━━━━━━━━━━━━━┳━━━━━━━━━━━━┳━━━━━┳━━━━━━━━┓
┃ Type ┃ Pattern   ┃ Entry Time       ┃ Exit Time        ┃ Qty ┃      Entry ┃       Exit ┃  Stop Loss ┃  RSI (L/U) | ADX ┃        P&L ┃ R:R ┃ Result ┃
┡━━━━━━╇━━━━━━━━━━━╇━━━━━━━━━━━━━━━━━━╇━━━━━━━━━━━━━━━━━━╇━━━━━╇━━━━━━━━━━━━╇━━━━━━━━━━━━╇━━━━━━━━━━━━╇━━━━━━━━━━━━━━━━━━╇━━━━━━━━━━━━╇━━━━━╇━━━━━━━━┩
│ CALL │ RSI_TREND │ 2025-01-03 11:15 │ 2025-01-03 14:45 │   1 │   24113.20 │   24032.55 │   24009.16 │ 60.6/75.6 | 38.2 │     -80.65 │ 0.8 │  LOSS  │
│ PUT  │ RSI_TREND │ 2025-01-06 13:00 │ 2025-01-06 15:15 │   1 │   23714.70 │   23629.60 │   23855.37 │ 38.3/44.8 | 28.8 │      85.10 │ 0.6 │  WIN   │
│ PUT  │ RSI_TREND │ 2025-01-07 13:45 │ 2025-01-07 15:15 │   1 │   23689.15 │   23694.60 │   23782.61 │ 43.1/47.7 | 19.1 │      -5.45 │ 0.1 │  LOSS  │
│ PUT  │ RSI_TREND │ 2025-01-08 10:00 │ 2025-01-08 14:30 │   1 │   23669.20 │   23694.95 │   23768.66 │ 43.2/43.9 | 20.5 │     -25.75 │ 0.3 │  LOSS  │
│ CALL │ RSI_TREND │ 2025-01-08 15:00 │ 2025-01-08 15:15 │   1 │   23705.20 │   23675.20 │   23605.59 │ 60.0/50.5 | 28.8 │     -30.00 │ 0.3 │  LOSS  │
│ PUT  │ RSI_TREND │ 2025-01-09 10:45 │ 2025-01-09 13:15 │   1 │   23544.15 │   23536.50 │   23641.88 │ 37.8/40.5 | 21.1 │       7.65 │ 0.1 │  WIN   │
│ PUT  │ RSI_TREND │ 2025-01-09 13:30 │ 2025-01-09 13:45 │   1 │   23530.40 │   23525.70 │   23604.39 │ 37.7/38.9 | 18.7 │       4.70 │ 0.1 │  WIN   │
│ PUT  │ RSI_TREND │ 2025-01-09 14:30 │ 2025-01-09 15:15 │   1 │   23517.50 │   23557.20 │   23585.38 │ 36.5/37.7 | 18.1 │     -39.70 │ 0.6 │  LOSS  │
│ PUT  │ RSI_TREND │ 2025-01-13 10:30 │ 2025-01-13 15:15 │   1 │   23306.30 │   23088.70 │   23431.78 │ 37.3/31.7 | 26.2 │     217.60 │ 1.7 │  WIN   │
│ PUT  │ RSI_TREND │ 2025-01-14 09:30 │ 2025-01-14 10:15 │   1 │   23173.45 │   23156.45 │   23278.91 │ 44.3/31.8 | 37.9 │      17.00 │ 0.2 │  WIN   │
│ PUT  │ RSI_TREND │ 2025-01-14 12:15 │ 2025-01-14 13:15 │   1 │   23172.40 │   23167.80 │   23258.28 │ 44.9/36.5 | 21.3 │       4.60 │ 0.1 │  WIN   │
│ CALL │ RSI_TREND │ 2025-01-16 10:30 │ 2025-01-16 14:15 │   1 │   23312.20 │   23298.55 │   23233.46 │ 63.2/50.9 | 19.1 │     -13.65 │ 0.2 │  LOSS  │
│ PUT  │ RSI_TREND │ 2025-01-17 09:15 │ 2025-01-17 11:30 │   1 │   23220.70 │   23153.15 │   23294.90 │ 37.0/42.3 | 18.6 │      67.55 │ 0.9 │  WIN   │
│ CALL │ RSI_TREND │ 2025-01-20 10:30 │ 2025-01-20 12:30 │   1 │   23261.50 │   23337.80 │   23176.58 │ 59.0/52.2 | 18.0 │      76.30 │ 0.9 │  WIN   │
│ CALL │ RSI_TREND │ 2025-01-20 13:00 │ 2025-01-20 15:15 │   1 │   23359.70 │   23337.05 │   23282.36 │ 68.4/59.8 | 34.4 │     -22.65 │ 0.3 │  LOSS  │
│ PUT  │ RSI_TREND │ 2025-01-21 10:00 │ 2025-01-21 11:15 │   1 │   23266.40 │   23144.35 │   23353.60 │ 42.2/48.2 | 34.8 │     122.05 │ 1.4 │  WIN   │
│ CALL │ RSI_TREND │ 2025-01-21 11:45 │ 2025-01-21 12:15 │   1 │   23381.80 │   23254.89 │   23254.89 │ 60.1/50.6 | 33.1 │    -126.91 │ 1.0 │  LOSS  │
│ PUT  │ RSI_TREND │ 2025-01-21 14:15 │ 2025-01-21 15:00 │   1 │   23165.55 │   23022.45 │   23325.10 │ 43.0/33.5 | 21.4 │     143.10 │ 0.9 │  WIN   │
│ PUT  │ RSI_TREND │ 2025-01-22 09:30 │ 2025-01-22 13:15 │   1 │   23067.75 │   23005.30 │   23223.04 │ 40.0/40.3 | 23.8 │      62.45 │ 0.4 │  WIN   │
│ CALL │ RSI_TREND │ 2025-01-23 09:30 │ 2025-01-23 15:15 │   1 │   23197.95 │   23216.30 │   23085.07 │ 61.5/53.1 | 19.4 │      18.35 │ 0.2 │  WIN   │
│ CALL │ RSI_TREND │ 2025-01-24 11:45 │ 2025-01-24 12:30 │   1 │   23323.75 │   23230.97 │   23230.97 │ 68.0/58.8 | 19.7 │     -92.78 │ 1.0 │  LOSS  │
│ PUT  │ RSI_TREND │ 2025-01-24 13:30 │ 2025-01-24 14:45 │   1 │   23155.90 │   23078.50 │   23253.56 │ 38.0/44.9 | 18.0 │      77.40 │ 0.8 │  WIN   │
│ PUT  │ RSI_TREND │ 2025-01-27 12:30 │ 2025-01-27 15:15 │   1 │   22866.30 │   22816.85 │   22981.83 │ 35.1/31.8 | 35.9 │      49.45 │ 0.4 │  WIN   │
│ CALL │ RSI_TREND │ 2025-01-28 12:30 │ 2025-01-28 14:45 │   1 │   23008.85 │   22987.60 │   22907.13 │ 60.3/52.1 | 30.2 │     -21.25 │ 0.2 │  LOSS  │
│ CALL │ RSI_TREND │ 2025-01-29 09:30 │ 2025-01-29 10:15 │   1 │   23040.45 │   23095.25 │   22920.67 │ 55.2/52.7 | 29.1 │      54.80 │ 0.5 │  WIN   │
│ CALL │ RSI_TREND │ 2025-01-29 10:45 │ 2025-01-29 11:00 │   1 │   23122.85 │   23085.40 │   23011.59 │ 62.7/54.0 | 26.3 │     -37.45 │ 0.3 │  LOSS  │
│ CALL │ RSI_TREND │ 2025-01-29 11:30 │ 2025-01-29 12:30 │   1 │   23092.70 │   23133.25 │   22974.81 │ 57.4/56.6 | 23.3 │      40.55 │ 0.3 │  WIN   │
│ CALL │ RSI_TREND │ 2025-01-29 13:15 │ 2025-01-29 14:30 │   1 │   23162.95 │   23144.85 │   23058.84 │ 63.9/60.2 | 18.5 │     -18.10 │ 0.2 │  LOSS  │
│ CALL │ RSI_TREND │ 2025-01-30 11:00 │ 2025-01-30 11:15 │   1 │   23288.30 │   23265.95 │   23193.73 │ 67.5/67.0 | 21.2 │     -22.35 │ 0.2 │  LOSS  │
│ CALL │ RSI_TREND │ 2025-01-30 11:45 │ 2025-01-30 12:00 │   1 │   23266.95 │   23250.80 │   23174.28 │ 61.9/62.8 | 19.7 │     -16.15 │ 0.2 │  LOSS  │
│ CALL │ RSI_TREND │ 2025-01-30 12:15 │ 2025-01-30 13:15 │   1 │   23273.15 │   23223.60 │   23180.84 │ 61.6/63.5 | 18.3 │     -49.55 │ 0.5 │  LOSS  │
│ CALL │ RSI_TREND │ 2025-01-31 09:15 │ 2025-01-31 14:00 │   1 │   23326.05 │   23447.85 │   23229.94 │ 66.8/65.0 | 20.0 │     121.80 │ 1.3 │  WIN   │
│ CALL │ RSI_TREND │ 2025-01-31 14:30 │ 2025-01-31 15:15 │   1 │   23484.30 │   23533.85 │   23401.78 │ 63.4/70.3 | 26.6 │      49.55 │ 0.6 │  WIN   │
│ CALL │ RSI_TREND │ 2025-02-01 09:30 │ 2025-02-01 11:45 │   1 │   23558.85 │   23461.52 │   23461.52 │ 68.7/72.1 | 30.0 │     -97.33 │ 1.0 │  LOSS  │
│ CALL │ RSI_TREND │ 2025-02-01 14:00 │ 2025-02-01 14:30 │   1 │   23520.25 │   23471.55 │   23368.79 │ 55.2/61.6 | 32.6 │     -48.70 │ 0.3 │  LOSS  │
│ PUT  │ RSI_TREND │ 2025-02-03 11:15 │ 2025-02-03 11:30 │   1 │   23290.50 │   23270.30 │   23417.32 │ 37.9/47.0 | 37.2 │      20.20 │ 0.2 │  WIN   │
│ CALL │ RSI_TREND │ 2025-02-04 09:15 │ 2025-02-04 10:15 │   1 │   23514.35 │   23500.95 │   23410.18 │ 68.3/59.5 | 25.2 │     -13.40 │ 0.1 │  LOSS  │
│ CALL │ RSI_TREND │ 2025-02-04 10:45 │ 2025-02-04 11:00 │   1 │   23466.55 │   23506.50 │   23355.34 │ 56.5/59.0 | 24.1 │      39.95 │ 0.4 │  WIN   │
│ CALL │ RSI_TREND │ 2025-02-04 11:15 │ 2025-02-04 15:15 │   1 │   23529.20 │   23707.70 │   23418.40 │ 62.6/62.1 | 22.9 │     178.50 │ 1.6 │  WIN   │
│ CALL │ RSI_TREND │ 2025-02-05 10:15 │ 2025-02-05 10:30 │   1 │   23774.35 │   23769.05 │   23668.68 │ 68.1/67.2 | 37.1 │      -5.30 │ 0.1 │  LOSS  │
│ CALL │ RSI_TREND │ 2025-02-05 11:15 │ 2025-02-05 13:15 │   1 │   23751.25 │   23749.55 │   23655.05 │ 62.4/67.1 | 35.3 │      -1.70 │ 0.0 │  LOSS  │
│ CALL │ RSI_TREND │ 2025-02-05 13:45 │ 2025-02-05 14:00 │   1 │   23770.70 │   23743.10 │   23697.45 │ 62.2/66.9 | 26.1 │     -27.60 │ 0.4 │  LOSS  │
│ PUT  │ RSI_TREND │ 2025-02-07 12:00 │ 2025-02-07 14:15 │   1 │   23573.90 │   23466.95 │   23671.52 │ 43.4/48.4 | 20.4 │     106.95 │ 1.1 │  WIN   │
│ PUT  │ RSI_TREND │ 2025-02-10 10:45 │ 2025-02-10 13:45 │   1 │   23395.30 │   23360.00 │   23501.75 │ 37.1/38.2 | 20.6 │      35.30 │ 0.3 │  WIN   │
│ PUT  │ RSI_TREND │ 2025-02-11 09:15 │ 2025-02-11 15:15 │   1 │   23314.20 │   23070.50 │   23397.03 │ 36.0/33.3 | 24.2 │     243.70 │ 2.9 │  WIN   │
│ PUT  │ RSI_TREND │ 2025-02-12 13:45 │ 2025-02-12 15:15 │   1 │   23001.30 │   23057.80 │   23138.10 │ 44.5/36.9 | 27.9 │     -56.50 │ 0.4 │  LOSS  │
│ PUT  │ RSI_TREND │ 2025-02-13 13:30 │ 2025-02-13 15:15 │   1 │   23086.20 │   23019.40 │   23190.02 │ 42.3/41.8 | 19.0 │      66.80 │ 0.6 │  WIN   │
│ PUT  │ RSI_TREND │ 2025-02-14 10:00 │ 2025-02-14 14:15 │   1 │   23043.00 │   22860.45 │   23151.16 │ 41.7/41.5 | 21.0 │     182.55 │ 1.7 │  WIN   │
│ PUT  │ RSI_TREND │ 2025-02-17 09:30 │ 2025-02-17 10:30 │   1 │   22778.70 │   22910.79 │   22910.79 │ 35.9/33.3 | 27.6 │    -132.09 │ 1.0 │  LOSS  │
│ PUT  │ RSI_TREND │ 2025-02-17 11:00 │ 2025-02-17 13:30 │   1 │   22805.70 │   22945.55 │   22945.55 │ 43.2/37.0 | 23.4 │    -139.85 │ 1.0 │  LOSS  │
│ PUT  │ RSI_TREND │ 2025-02-18 10:15 │ 2025-02-18 12:30 │   1 │   22827.15 │   22877.65 │   22947.34 │ 42.2/39.9 | 18.1 │     -50.50 │ 0.4 │  LOSS  │
│ PUT  │ RSI_TREND │ 2025-02-21 11:45 │ 2025-02-21 15:00 │   1 │   22791.60 │   22810.75 │   22864.90 │ 38.3/38.6 | 29.8 │     -19.15 │ 0.3 │  LOSS  │
│ PUT  │ RSI_TREND │ 2025-02-24 13:00 │ 2025-02-24 15:15 │   1 │   22572.35 │   22548.85 │   22640.97 │ 35.0/27.7 | 39.3 │      23.50 │ 0.3 │  WIN   │
│ PUT  │ RSI_TREND │ 2025-02-25 10:45 │ 2025-02-25 14:15 │   1 │   22563.50 │   22581.70 │   22632.23 │ 42.8/32.5 | 29.9 │     -18.20 │ 0.3 │  LOSS  │
│ PUT  │ RSI_TREND │ 2025-03-03 09:30 │ 2025-03-03 12:15 │   1 │   22130.35 │   22073.30 │   22223.48 │ 35.2/12.6 | 38.2 │      57.05 │ 0.6 │  WIN   │
│ PUT  │ RSI_TREND │ 2025-03-04 10:00 │ 2025-03-04 13:00 │   1 │   22049.95 │   22056.35 │   22163.35 │ 42.8/28.1 | 19.8 │      -6.40 │ 0.1 │  LOSS  │
│ CALL │ RSI_TREND │ 2025-03-05 13:45 │ 2025-03-05 15:15 │   1 │   22329.50 │   22346.65 │   22261.73 │ 65.0/58.2 | 39.2 │      17.15 │ 0.3 │  WIN   │
│ CALL │ RSI_TREND │ 2025-03-06 10:00 │ 2025-03-06 12:45 │   1 │   22331.60 │   22452.80 │   22239.96 │ 58.0/58.0 | 31.0 │     121.20 │ 1.3 │  WIN   │
│ CALL │ RSI_TREND │ 2025-03-06 13:00 │ 2025-03-06 13:15 │   1 │   22466.15 │   22467.25 │   22370.38 │ 68.1/66.6 | 34.3 │       1.10 │ 0.0 │  WIN   │
│ CALL │ RSI_TREND │ 2025-03-07 09:45 │ 2025-03-07 11:45 │   1 │   22548.70 │   22562.50 │   22448.53 │ 67.7/73.0 | 38.5 │      13.80 │ 0.1 │  WIN   │
│ CALL │ RSI_TREND │ 2025-03-07 12:30 │ 2025-03-07 15:15 │   1 │   22577.00 │   22536.95 │   22484.63 │ 59.0/63.3 | 28.9 │     -40.05 │ 0.4 │  LOSS  │
│ CALL │ RSI_TREND │ 2025-03-10 09:45 │ 2025-03-10 11:15 │   1 │   22658.70 │   22616.80 │   22568.82 │ 64.3/68.5 | 19.0 │     -41.90 │ 0.5 │  LOSS  │
│ PUT  │ RSI_TREND │ 2025-03-11 11:15 │ 2025-03-11 13:45 │   1 │   22422.60 │   22496.50 │   22512.64 │ 38.7/46.5 | 31.5 │     -73.90 │ 0.8 │  LOSS  │
│ CALL │ RSI_TREND │ 2025-03-11 14:00 │ 2025-03-11 14:15 │   1 │   22501.55 │   22500.75 │   22432.21 │ 56.9/53.5 | 22.6 │      -0.80 │ 0.0 │  LOSS  │
│ CALL │ RSI_TREND │ 2025-03-11 14:45 │ 2025-03-11 15:15 │   1 │   22505.00 │   22522.10 │   22439.56 │ 57.0/53.2 | 18.8 │      17.10 │ 0.3 │  WIN   │
│ CALL │ RSI_TREND │ 2025-03-13 09:30 │ 2025-03-13 11:30 │   1 │   22490.15 │   22433.50 │   22406.74 │ 59.8/58.6 | 23.0 │     -56.65 │ 0.7 │  LOSS  │
│ PUT  │ RSI_TREND │ 2025-03-13 11:45 │ 2025-03-13 14:00 │   1 │   22432.40 │   22432.30 │   22516.74 │ 44.0/47.7 | 27.2 │       0.10 │ 0.0 │  WIN   │
│ CALL │ RSI_TREND │ 2025-03-17 09:15 │ 2025-03-17 12:30 │   1 │   22538.95 │   22451.11 │   22451.11 │ 64.2/55.5 | 18.1 │     -87.84 │ 1.0 │  LOSS  │
│ CALL │ RSI_TREND │ 2025-03-18 12:45 │ 2025-03-18 13:15 │   1 │   22736.30 │   22771.10 │   22664.24 │ 64.3/69.8 | 38.9 │      34.80 │ 0.5 │  WIN   │
│ CALL │ RSI_TREND │ 2025-03-18 13:30 │ 2025-03-18 13:45 │   1 │   22783.30 │   22787.65 │   22716.04 │ 69.8/70.5 | 38.4 │       4.35 │ 0.1 │  WIN   │
│ CALL │ RSI_TREND │ 2025-03-18 14:15 │ 2025-03-18 15:15 │   1 │   22792.75 │   22848.75 │   22729.05 │ 69.1/73.9 | 38.7 │      56.00 │ 0.9 │  WIN   │
│ CALL │ RSI_TREND │ 2025-03-19 13:15 │ 2025-03-19 15:15 │   1 │   22914.40 │   22911.80 │   22849.13 │ 66.7/75.6 | 40.8 │      -2.60 │ 0.0 │  LOSS  │
│ CALL │ RSI_TREND │ 2025-03-20 10:15 │ 2025-03-20 15:15 │   1 │   23048.15 │   23165.70 │   22964.73 │ 68.1/83.0 | 32.4 │     117.55 │ 1.4 │  WIN   │
│ CALL │ RSI_TREND │ 2025-03-21 09:15 │ 2025-03-21 12:15 │   1 │   23194.45 │   23374.45 │   23127.38 │ 68.8/86.4 | 42.6 │     180.00 │ 2.7 │  WIN   │
│ CALL │ RSI_TREND │ 2025-03-21 14:00 │ 2025-03-21 14:15 │   1 │   23335.95 │   23378.80 │   23257.82 │ 59.9/82.9 | 43.1 │      42.85 │ 0.5 │  WIN   │
│ CALL │ RSI_TREND │ 2025-03-21 15:00 │ 2025-03-21 15:15 │   1 │   23348.80 │   23355.65 │   23274.37 │ 58.8/83.4 | 36.7 │       6.85 │ 0.1 │  WIN   │
│ CALL │ RSI_TREND │ 2025-03-24 14:45 │ 2025-03-24 15:15 │   1 │   23671.75 │   23674.15 │   23602.89 │ 69.1/85.6 | 45.7 │       2.40 │ 0.0 │  WIN   │
│ CALL │ RSI_TREND │ 2025-03-25 10:15 │ 2025-03-25 10:30 │   1 │   23813.00 │   23710.31 │   23710.31 │ 68.4/78.8 | 44.8 │    -102.69 │ 1.0 │  LOSS  │
│ CALL │ RSI_TREND │ 2025-03-25 13:45 │ 2025-03-25 15:15 │   1 │   23733.10 │   23629.30 │   23629.30 │ 57.3/78.0 | 19.8 │    -103.80 │ 1.0 │  LOSS  │
│ PUT  │ RSI_TREND │ 2025-03-26 14:15 │ 2025-03-26 15:15 │   1 │   23542.40 │   23464.30 │   23631.39 │ 38.3/49.8 | 26.9 │      78.10 │ 0.9 │  WIN   │
│ CALL │ RSI_TREND │ 2025-03-27 10:15 │ 2025-03-27 12:00 │   1 │   23617.80 │   23600.50 │   23514.48 │ 55.2/57.3 | 26.1 │     -17.30 │ 0.2 │  LOSS  │
│ PUT  │ RSI_TREND │ 2025-03-28 13:00 │ 2025-03-28 14:30 │   1 │   23499.55 │   23586.15 │   23586.15 │ 39.4/46.2 | 18.6 │     -86.60 │ 1.0 │  LOSS  │
│ PUT  │ RSI_TREND │ 2025-04-01 10:00 │ 2025-04-01 14:15 │   1 │   23456.10 │   23154.75 │   23579.92 │ 40.4/42.9 | 21.6 │     301.35 │ 2.4 │  WIN   │
│ PUT  │ RSI_TREND │ 2025-04-03 09:30 │ 2025-04-03 10:45 │   1 │   23244.80 │   23289.10 │   23338.59 │ 43.2/41.9 | 18.9 │     -44.30 │ 0.5 │  LOSS  │
│ PUT  │ RSI_TREND │ 2025-04-03 14:00 │ 2025-04-03 15:00 │   1 │   23255.30 │   23253.05 │   23312.95 │ 44.8/39.8 | 23.4 │       2.25 │ 0.0 │  WIN   │
│ PUT  │ RSI_TREND │ 2025-04-07 14:30 │ 2025-04-07 15:00 │   1 │   22000.20 │   22179.27 │   22179.27 │ 35.3/30.1 | 50.7 │    -179.07 │ 1.0 │  LOSS  │
│ CALL │ RSI_TREND │ 2025-04-08 12:15 │ 2025-04-08 15:15 │   1 │   22583.85 │   22547.20 │   22366.51 │ 64.6/50.3 | 29.7 │     -36.65 │ 0.2 │  LOSS  │
│ PUT  │ RSI_TREND │ 2025-04-09 09:15 │ 2025-04-09 15:15 │   1 │   22385.10 │   22420.40 │   22585.79 │ 43.9/40.5 | 21.3 │     -35.30 │ 0.2 │  LOSS  │
│ CALL │ RSI_TREND │ 2025-04-11 13:30 │ 2025-04-11 14:00 │   1 │   22875.10 │   22779.22 │   22779.22 │ 69.3/56.7 | 41.4 │     -95.88 │ 1.0 │  LOSS  │
│ CALL │ RSI_TREND │ 2025-04-11 14:30 │ 2025-04-11 15:15 │   1 │   22804.75 │   22844.50 │   22709.78 │ 56.1/58.4 | 33.3 │      39.75 │ 0.4 │  WIN   │
│ CALL │ RSI_TREND │ 2025-04-16 11:00 │ 2025-04-16 15:15 │   1 │   23318.85 │   23433.30 │   23248.89 │ 60.0/69.2 | 36.3 │     114.45 │ 1.6 │  WIN   │
│ CALL │ RSI_TREND │ 2025-04-17 09:30 │ 2025-04-17 15:15 │   1 │   23397.65 │   23837.75 │   23308.49 │ 55.6/65.3 | 24.8 │     440.10 │ 4.9 │  WIN   │
│ CALL │ RSI_TREND │ 2025-04-22 11:30 │ 2025-04-22 13:00 │   1 │   24209.70 │   24182.10 │   24128.18 │ 65.9/79.9 | 45.2 │     -27.60 │ 0.3 │  LOSS  │
│ CALL │ RSI_TREND │ 2025-04-22 13:15 │ 2025-04-22 14:00 │   1 │   24188.65 │   24178.80 │   24123.82 │ 58.9/77.3 | 31.7 │      -9.85 │ 0.2 │  LOSS  │
│ CALL │ RSI_TREND │ 2025-04-22 14:15 │ 2025-04-22 14:30 │   1 │   24184.15 │   24175.90 │   24129.25 │ 57.2/75.2 | 25.9 │      -8.25 │ 0.2 │  LOSS  │
│ CALL │ RSI_TREND │ 2025-04-23 15:00 │ 2025-04-23 15:15 │   1 │   24334.80 │   24300.85 │   24262.58 │ 65.2/80.2 | 18.8 │     -33.95 │ 0.5 │  LOSS  │
│ CALL │ RSI_TREND │ 2025-04-28 09:45 │ 2025-04-28 15:15 │   1 │   24229.30 │   24312.90 │   24087.63 │ 62.2/61.3 | 18.2 │      83.60 │ 0.6 │  WIN   │
│ CALL │ RSI_TREND │ 2025-04-29 09:15 │ 2025-04-29 09:30 │   1 │   24417.10 │   24313.15 │   24313.15 │ 67.0/62.9 | 24.3 │    -103.95 │ 1.0 │  LOSS  │
│ CALL │ RSI_TREND │ 2025-04-29 09:45 │ 2025-04-29 11:15 │   1 │   24390.25 │   24349.25 │   24265.96 │ 60.0/62.9 | 23.1 │     -41.00 │ 0.3 │  LOSS  │
│ CALL │ RSI_TREND │ 2025-04-29 11:30 │ 2025-04-29 11:45 │   1 │   24354.40 │   24313.25 │   24252.71 │ 55.7/59.3 | 18.4 │     -41.15 │ 0.4 │  LOSS  │
│ PUT  │ RSI_TREND │ 2025-05-02 12:15 │ 2025-05-02 12:30 │   1 │   24242.75 │   24283.30 │   24358.13 │ 35.8/49.5 | 18.2 │     -40.55 │ 0.4 │  LOSS  │
│ CALL │ RSI_TREND │ 2025-05-05 10:30 │ 2025-05-05 11:15 │   1 │   24522.65 │   24465.35 │   24406.11 │ 62.7/59.0 | 18.3 │     -57.30 │ 0.5 │  LOSS  │
│ PUT  │ RSI_TREND │ 2025-05-07 09:45 │ 2025-05-07 11:15 │   1 │   24359.15 │   24406.45 │   24453.08 │ 44.3/43.1 | 20.8 │     -47.30 │ 0.5 │  LOSS  │
│ CALL │ RSI_TREND │ 2025-05-07 14:00 │ 2025-05-07 15:15 │   1 │   24406.90 │   24409.30 │   24330.59 │ 55.5/53.6 | 32.8 │       2.40 │ 0.0 │  WIN   │
│ CALL │ RSI_TREND │ 2025-05-08 11:15 │ 2025-05-08 11:30 │   1 │   24412.30 │   24408.55 │   24351.82 │ 56.0/53.1 | 18.7 │      -3.75 │ 0.1 │  LOSS  │
│ PUT  │ RSI_TREND │ 2025-05-08 14:30 │ 2025-05-08 15:15 │   1 │   24338.20 │   24154.10 │   24393.15 │ 39.4/41.2 | 22.3 │     184.10 │ 3.4 │  WIN   │
│ PUT  │ RSI_TREND │ 2025-05-09 11:30 │ 2025-05-09 15:15 │   1 │   24057.55 │   24038.65 │   24183.81 │ 36.0/27.1 | 52.7 │      18.90 │ 0.1 │  WIN   │
│ CALL │ RSI_TREND │ 2025-05-13 10:00 │ 2025-05-13 10:15 │   1 │   24770.85 │   24658.20 │   24625.33 │ 55.6/65.5 | 50.1 │    -112.65 │ 0.8 │  LOSS  │
│ CALL │ RSI_TREND │ 2025-05-13 11:15 │ 2025-05-13 12:15 │   1 │   24797.15 │   24712.75 │   24633.13 │ 56.4/63.7 | 38.1 │     -84.40 │ 0.5 │  LOSS  │
│ CALL │ RSI_TREND │ 2025-05-14 09:15 │ 2025-05-14 10:45 │   1 │   24718.10 │   24684.60 │   24583.02 │ 56.0/61.1 | 23.2 │     -33.50 │ 0.2 │  LOSS  │
│ PUT  │ RSI_TREND │ 2025-05-15 09:15 │ 2025-05-15 10:30 │   1 │   24611.85 │   24718.37 │   24718.37 │ 44.4/48.2 | 19.6 │    -106.52 │ 1.0 │  LOSS  │
│ CALL │ RSI_TREND │ 2025-05-15 10:45 │ 2025-05-15 11:00 │   1 │   24780.30 │   24634.24 │   24634.24 │ 64.2/51.5 | 22.8 │    -146.06 │ 1.0 │  LOSS  │
│ CALL │ RSI_TREND │ 2025-05-15 13:00 │ 2025-05-15 15:00 │   1 │   24886.30 │   25056.40 │   24713.21 │ 68.0/64.2 | 20.1 │     170.10 │ 1.0 │  WIN   │
│ CALL │ RSI_TREND │ 2025-05-16 10:00 │ 2025-05-16 15:15 │   1 │   25005.15 │   25013.10 │   24863.54 │ 63.3/65.0 | 37.0 │       7.95 │ 0.1 │  WIN   │
│ CALL │ RSI_TREND │ 2025-05-19 09:15 │ 2025-05-19 11:15 │   1 │   25014.45 │   25026.05 │   24936.00 │ 57.5/65.5 | 27.7 │      11.60 │ 0.1 │  WIN   │
│ PUT  │ RSI_TREND │ 2025-05-20 11:15 │ 2025-05-20 15:15 │   1 │   24890.55 │   24713.85 │   24965.40 │ 36.4/47.2 | 18.0 │     176.70 │ 2.4 │  WIN   │
│ CALL │ RSI_TREND │ 2025-05-21 10:00 │ 2025-05-21 11:45 │   1 │   24869.20 │   24827.85 │   24778.59 │ 59.8/51.6 | 30.6 │     -41.35 │ 0.5 │  LOSS  │
│ PUT  │ RSI_TREND │ 2025-05-21 12:00 │ 2025-05-21 13:15 │   1 │   24733.45 │   24833.32 │   24833.32 │ 35.9/42.3 | 25.2 │     -99.87 │ 1.0 │  LOSS  │
│ PUT  │ RSI_TREND │ 2025-05-21 13:30 │ 2025-05-21 14:15 │   1 │   24762.80 │   24808.75 │   24868.71 │ 42.3/47.2 | 21.8 │     -45.95 │ 0.4 │  LOSS  │
│ CALL │ RSI_TREND │ 2025-05-23 09:15 │ 2025-05-23 11:30 │   1 │   24713.80 │   24868.60 │   24603.20 │ 62.7/55.3 | 36.3 │     154.80 │ 1.4 │  WIN   │
│ CALL │ RSI_TREND │ 2025-05-23 12:15 │ 2025-05-23 15:15 │   1 │   24869.50 │   24845.15 │   24762.55 │ 66.2/57.6 | 32.9 │     -24.35 │ 0.2 │  LOSS  │
│ CALL │ RSI_TREND │ 2025-05-26 10:45 │ 2025-05-26 15:00 │   1 │   24980.30 │   25004.45 │   24874.21 │ 61.9/60.3 | 25.0 │      24.15 │ 0.2 │  WIN   │
│ CALL │ RSI_TREND │ 2025-05-27 11:15 │ 2025-05-27 12:15 │   1 │   25013.65 │   24882.02 │   24882.02 │ 61.1/55.4 | 27.7 │    -131.63 │ 1.0 │  LOSS  │
│ PUT  │ RSI_TREND │ 2025-05-27 12:45 │ 2025-05-27 15:15 │   1 │   24824.25 │   24837.70 │   24968.13 │ 42.8/47.8 | 22.0 │     -13.45 │ 0.1 │  LOSS  │
│ PUT  │ RSI_TREND │ 2025-05-28 09:15 │ 2025-05-28 15:15 │   1 │   24769.15 │   24757.15 │   24894.93 │ 41.9/44.5 | 18.1 │      12.00 │ 0.1 │  WIN   │
│ PUT  │ RSI_TREND │ 2025-05-29 10:30 │ 2025-05-29 10:45 │   1 │   24743.20 │   24743.95 │   24823.18 │ 40.8/42.9 | 18.0 │      -0.75 │ 0.0 │  LOSS  │
│ PUT  │ RSI_TREND │ 2025-06-02 10:45 │ 2025-06-02 12:30 │   1 │   24616.70 │   24704.58 │   24704.58 │ 37.1/38.4 | 25.4 │     -87.88 │ 1.0 │  LOSS  │
│ PUT  │ RSI_TREND │ 2025-06-03 10:30 │ 2025-06-03 12:30 │   1 │   24642.85 │   24628.15 │   24771.59 │ 44.9/37.8 | 19.0 │      14.70 │ 0.1 │  WIN   │
│ CALL │ RSI_TREND │ 2025-06-05 11:00 │ 2025-06-05 12:45 │   1 │   24708.80 │   24796.35 │   24649.50 │ 63.5/55.9 | 28.1 │      87.55 │ 1.5 │  WIN   │
│ CALL │ RSI_TREND │ 2025-06-05 14:30 │ 2025-06-05 15:15 │   1 │   24751.55 │   24761.10 │   24665.41 │ 55.0/55.4 | 30.3 │       9.55 │ 0.1 │  WIN   │
│ CALL │ RSI_TREND │ 2025-06-06 10:15 │ 2025-06-06 15:15 │   1 │   24834.60 │   25000.30 │   24730.73 │ 64.1/68.3 | 24.0 │     165.70 │ 1.6 │  WIN   │
│ CALL │ RSI_TREND │ 2025-06-09 13:00 │ 2025-06-09 15:15 │   1 │   25109.10 │   25103.10 │   25058.87 │ 67.2/71.7 | 51.0 │      -6.00 │ 0.1 │  LOSS  │
│ CALL │ RSI_TREND │ 2025-06-10 09:30 │ 2025-06-10 14:00 │   1 │   25109.05 │   25127.55 │   25048.92 │ 60.8/73.3 | 42.8 │      18.50 │ 0.3 │  WIN   │
│ CALL │ RSI_TREND │ 2025-06-11 09:15 │ 2025-06-11 15:15 │   1 │   25136.65 │   25126.80 │   25088.16 │ 56.9/67.2 | 22.7 │      -9.85 │ 0.2 │  LOSS  │
│ CALL │ RSI_TREND │ 2025-06-12 09:15 │ 2025-06-12 09:30 │   1 │   25173.70 │   25120.37 │   25120.37 │ 55.1/53.5 | 22.0 │     -53.33 │ 1.0 │  LOSS  │
│ PUT  │ RSI_TREND │ 2025-06-12 11:30 │ 2025-06-12 13:00 │   1 │   25035.60 │   25041.10 │   25110.99 │ 35.3/46.4 | 22.7 │      -5.50 │ 0.1 │  LOSS  │
│ PUT  │ RSI_TREND │ 2025-06-13 13:45 │ 2025-06-13 14:00 │   1 │   24712.60 │   24715.85 │   24793.78 │ 41.1/31.9 | 44.9 │      -3.25 │ 0.0 │  LOSS  │
│ PUT  │ RSI_TREND │ 2025-06-13 14:15 │ 2025-06-13 14:30 │   1 │   24712.75 │   24687.65 │   24787.76 │ 41.3/33.1 | 40.7 │      25.10 │ 0.3 │  WIN   │
│ CALL │ RSI_TREND │ 2025-06-16 10:15 │ 2025-06-16 15:15 │   1 │   24825.95 │   24940.95 │   24730.23 │ 60.8/51.9 | 27.1 │     115.00 │ 1.2 │  WIN   │
│ PUT  │ RSI_TREND │ 2025-06-17 10:00 │ 2025-06-17 13:15 │   1 │   24851.70 │   24839.20 │   24926.91 │ 43.1/45.4 | 31.0 │      12.50 │ 0.2 │  WIN   │
│ PUT  │ RSI_TREND │ 2025-06-18 10:45 │ 2025-06-18 11:15 │   1 │   24847.00 │   24807.80 │   24920.53 │ 44.6/45.5 | 19.1 │      39.20 │ 0.5 │  WIN   │
│ PUT  │ RSI_TREND │ 2025-06-18 11:30 │ 2025-06-18 11:45 │   1 │   24804.75 │   24779.45 │   24876.45 │ 37.7/43.6 | 24.6 │      25.30 │ 0.4 │  WIN   │
│ PUT  │ RSI_TREND │ 2025-06-18 12:15 │ 2025-06-18 12:30 │   1 │   24791.45 │   24782.30 │   24863.52 │ 39.1/42.2 | 29.0 │       9.15 │ 0.1 │  WIN   │
│ PUT  │ RSI_TREND │ 2025-06-18 12:45 │ 2025-06-18 13:00 │   1 │   24775.40 │   24800.50 │   24843.43 │ 36.7/42.2 | 31.4 │     -25.10 │ 0.4 │  LOSS  │
│ PUT  │ RSI_TREND │ 2025-06-18 13:30 │ 2025-06-18 15:00 │   1 │   24790.75 │   24813.05 │   24854.81 │ 41.0/40.2 | 32.0 │     -22.30 │ 0.3 │  LOSS  │
│ PUT  │ RSI_TREND │ 2025-06-19 11:30 │ 2025-06-19 13:15 │   1 │   24799.50 │   24785.05 │   24860.61 │ 44.4/45.2 | 27.4 │      14.45 │ 0.2 │  WIN   │
│ PUT  │ RSI_TREND │ 2025-06-19 15:00 │ 2025-06-19 15:15 │   1 │   24791.75 │   24744.70 │   24844.62 │ 44.5/43.8 | 19.6 │      47.05 │ 0.9 │  WIN   │
│ CALL │ RSI_TREND │ 2025-06-20 09:30 │ 2025-06-20 13:15 │   1 │   24874.35 │   25067.20 │   24797.01 │ 61.6/57.2 | 18.3 │     192.85 │ 2.5 │  WIN   │
│ CALL │ RSI_TREND │ 2025-06-20 14:00 │ 2025-06-20 14:45 │   1 │   25049.65 │   25046.05 │   24976.58 │ 65.4/65.6 | 32.0 │      -3.60 │ 0.0 │  LOSS  │
│ PUT  │ RSI_TREND │ 2025-06-23 09:15 │ 2025-06-23 12:30 │   1 │   24908.25 │   24961.10 │   25009.00 │ 40.7/46.3 | 34.7 │     -52.85 │ 0.5 │  LOSS  │
│ CALL │ RSI_TREND │ 2025-06-24 12:45 │ 2025-06-24 13:15 │   1 │   25245.15 │   25125.25 │   25125.25 │ 60.4/60.1 | 31.8 │    -119.90 │ 1.0 │  LOSS  │
│ CALL │ RSI_TREND │ 2025-06-25 09:30 │ 2025-06-25 15:15 │   1 │   25188.25 │   25236.35 │   25065.82 │ 57.4/58.4 | 25.6 │      48.10 │ 0.4 │  WIN   │
│ CALL │ RSI_TREND │ 2025-06-26 10:45 │ 2025-06-26 15:15 │   1 │   25318.40 │   25530.40 │   25229.97 │ 57.3/64.2 | 22.1 │     212.00 │ 2.4 │  WIN   │
│ CALL │ RSI_TREND │ 2025-06-27 14:30 │ 2025-06-27 15:15 │   1 │   25633.50 │   25632.45 │   25579.11 │ 66.9/75.7 | 44.9 │      -1.05 │ 0.0 │  LOSS  │
│ CALL │ RSI_TREND │ 2025-07-01 09:15 │ 2025-07-01 09:30 │   1 │   25573.55 │   25580.10 │   25514.72 │ 58.3/58.1 | 28.9 │       6.55 │ 0.1 │  WIN   │
│ CALL │ RSI_TREND │ 2025-07-03 09:30 │ 2025-07-03 11:15 │   1 │   25497.20 │   25539.65 │   25424.15 │ 56.7/57.0 | 24.9 │      42.45 │ 0.6 │  WIN   │
│ CALL │ RSI_TREND │ 2025-07-03 13:30 │ 2025-07-03 13:45 │   1 │   25570.50 │   25498.33 │   25498.33 │ 64.1/50.3 | 21.2 │     -72.17 │ 1.0 │  LOSS  │
│ PUT  │ RSI_TREND │ 2025-07-03 14:15 │ 2025-07-03 15:15 │   1 │   25453.60 │   25397.40 │   25531.53 │ 41.1/40.6 | 19.6 │      56.20 │ 0.7 │  WIN   │
│ PUT  │ RSI_TREND │ 2025-07-04 09:30 │ 2025-07-04 10:45 │   1 │   25394.40 │   25419.25 │   25480.99 │ 36.5/42.3 | 18.1 │     -24.85 │ 0.3 │  LOSS  │
│ PUT  │ RSI_TREND │ 2025-07-04 12:45 │ 2025-07-04 14:00 │   1 │   25358.10 │   25384.30 │   25421.12 │ 36.0/39.8 | 20.0 │     -26.20 │ 0.4 │  LOSS  │
│ CALL │ RSI_TREND │ 2025-07-04 14:30 │ 2025-07-04 15:15 │   1 │   25454.55 │   25467.80 │   25394.22 │ 62.0/51.5 | 18.9 │      13.25 │ 0.2 │  WIN   │
│ PUT  │ RSI_TREND │ 2025-07-09 14:45 │ 2025-07-09 15:15 │   1 │   25461.80 │   25464.65 │   25512.23 │ 35.3/49.1 | 20.3 │      -2.85 │ 0.1 │  LOSS  │
│ PUT  │ RSI_TREND │ 2025-07-10 09:15 │ 2025-07-10 15:15 │   1 │   25450.90 │   25348.15 │   25507.50 │ 35.2/39.3 | 22.9 │     102.75 │ 1.8 │  WIN   │
│ PUT  │ RSI_TREND │ 2025-07-14 13:30 │ 2025-07-14 15:15 │   1 │   25048.45 │   25087.10 │   25109.57 │ 37.2/19.7 | 49.2 │     -38.65 │ 0.6 │  LOSS  │
│ CALL │ RSI_TREND │ 2025-07-15 10:15 │ 2025-07-15 13:15 │   1 │   25129.95 │   25186.95 │   25060.22 │ 56.7/50.5 | 34.8 │      57.00 │ 0.8 │  WIN   │
│ PUT  │ RSI_TREND │ 2025-07-16 10:00 │ 2025-07-16 11:45 │   1 │   25141.75 │   25205.08 │   25205.08 │ 44.3/41.3 | 23.2 │     -63.33 │ 1.0 │  LOSS  │
│ CALL │ RSI_TREND │ 2025-07-16 12:15 │ 2025-07-16 15:15 │   1 │   25185.05 │   25198.55 │   25129.06 │ 55.9/51.6 | 20.8 │      13.50 │ 0.2 │  WIN   │
│ PUT  │ RSI_TREND │ 2025-07-18 13:45 │ 2025-07-18 15:15 │   1 │   24960.00 │   24967.45 │   25024.33 │ 38.0/30.7 | 36.0 │      -7.45 │ 0.1 │  LOSS  │
│ CALL │ RSI_TREND │ 2025-07-23 13:15 │ 2025-07-23 15:15 │   1 │   25167.05 │   25209.20 │   25115.44 │ 67.0/66.6 | 21.6 │      42.15 │ 0.8 │  WIN   │
│ PUT  │ RSI_TREND │ 2025-07-24 11:15 │ 2025-07-24 12:30 │   1 │   25112.65 │   25078.00 │   25164.55 │ 35.9/41.1 | 21.5 │      34.65 │ 0.7 │  WIN   │
│ PUT  │ RSI_TREND │ 2025-07-24 13:15 │ 2025-07-24 15:15 │   1 │   25058.85 │   25051.90 │   25119.08 │ 35.8/47.1 | 33.0 │       6.95 │ 0.1 │  WIN   │
│ PUT  │ RSI_TREND │ 2025-07-28 10:30 │ 2025-07-28 15:15 │   1 │   24819.70 │   24673.95 │   24907.22 │ 40.8/27.0 | 37.5 │     145.75 │ 1.7 │  WIN   │
│ PUT  │ RSI_TREND │ 2025-07-29 09:30 │ 2025-07-29 10:15 │   1 │   24694.20 │   24632.90 │   24776.27 │ 38.7/19.6 | 43.2 │      61.30 │ 0.7 │  WIN   │
│ PUT  │ RSI_TREND │ 2025-07-29 11:30 │ 2025-07-29 12:15 │   1 │   24675.30 │   24696.65 │   24752.14 │ 42.3/27.3 | 45.6 │     -21.35 │ 0.3 │  LOSS  │
│ CALL │ RSI_TREND │ 2025-07-30 10:00 │ 2025-07-30 15:15 │   1 │   24843.05 │   24844.55 │   24765.05 │ 64.9/51.0 | 32.1 │       1.50 │ 0.0 │  WIN   │
│ CALL │ RSI_TREND │ 2025-07-31 12:15 │ 2025-07-31 13:00 │   1 │   24826.45 │   24900.15 │   24742.30 │ 57.0/57.0 | 25.8 │      73.70 │ 0.9 │  WIN   │
│ CALL │ RSI_TREND │ 2025-07-31 13:15 │ 2025-07-31 14:45 │   1 │   24926.95 │   24840.59 │   24840.59 │ 69.4/58.9 | 22.7 │     -86.36 │ 1.0 │  LOSS  │
│ PUT  │ RSI_TREND │ 2025-07-31 15:00 │ 2025-07-31 15:15 │   1 │   24762.45 │   24765.60 │   24859.62 │ 39.5/44.4 | 19.4 │      -3.15 │ 0.0 │  LOSS  │
│ PUT  │ RSI_TREND │ 2025-08-01 10:45 │ 2025-08-01 15:15 │   1 │   24743.40 │   24572.15 │   24838.88 │ 42.9/40.6 | 23.0 │     171.25 │ 1.8 │  WIN   │
│ PUT  │ RSI_TREND │ 2025-08-04 09:30 │ 2025-08-04 11:15 │   1 │   24598.00 │   24666.45 │   24700.76 │ 41.2/39.3 | 35.9 │     -68.45 │ 0.7 │  LOSS  │
│ PUT  │ RSI_TREND │ 2025-08-05 09:30 │ 2025-08-05 14:15 │   1 │   24631.90 │   24622.35 │   24711.85 │ 40.1/39.7 | 19.7 │       9.55 │ 0.1 │  WIN   │
│ PUT  │ RSI_TREND │ 2025-08-05 14:45 │ 2025-08-05 15:00 │   1 │   24611.50 │   24667.50 │   24675.60 │ 42.2/47.0 | 31.2 │     -56.00 │ 0.9 │  LOSS  │
│ PUT  │ RSI_TREND │ 2025-08-06 10:00 │ 2025-08-06 11:30 │   1 │   24605.40 │   24566.40 │   24679.53 │ 42.2/41.1 | 26.2 │      39.00 │ 0.5 │  WIN   │
│ PUT  │ RSI_TREND │ 2025-08-06 14:00 │ 2025-08-06 15:15 │   1 │   24583.80 │   24569.60 │   24645.68 │ 42.8/41.4 | 19.6 │      14.20 │ 0.2 │  WIN   │
│ CALL │ RSI_TREND │ 2025-08-07 14:30 │ 2025-08-07 15:15 │   1 │   24515.05 │   24626.65 │   24435.97 │ 59.2/50.8 | 40.9 │     111.60 │ 1.4 │  WIN   │
│ PUT  │ RSI_TREND │ 2025-08-08 10:00 │ 2025-08-08 11:45 │   1 │   24449.30 │   24433.85 │   24538.59 │ 44.7/41.0 | 29.6 │      15.45 │ 0.2 │  WIN   │
│ PUT  │ RSI_TREND │ 2025-08-08 12:00 │ 2025-08-08 12:30 │   1 │   24423.05 │   24436.75 │   24499.32 │ 42.4/39.5 | 25.2 │     -13.70 │ 0.2 │  LOSS  │
│ PUT  │ RSI_TREND │ 2025-08-08 13:15 │ 2025-08-08 13:30 │   1 │   24425.60 │   24457.75 │   24499.70 │ 43.7/39.2 | 21.5 │     -32.15 │ 0.4 │  LOSS  │
│ PUT  │ RSI_TREND │ 2025-08-08 13:45 │ 2025-08-08 15:15 │   1 │   24424.75 │   24350.85 │   24500.31 │ 44.5/39.2 | 19.2 │      73.90 │ 1.0 │  WIN   │
│ PUT  │ RSI_TREND │ 2025-08-11 09:30 │ 2025-08-11 11:15 │   1 │   24381.25 │   24468.62 │   24468.62 │ 42.5/41.7 | 20.7 │     -87.37 │ 1.0 │  LOSS  │
│ CALL │ RSI_TREND │ 2025-08-11 14:00 │ 2025-08-11 15:15 │   1 │   24539.45 │   24562.15 │   24470.14 │ 68.5/53.9 | 19.4 │      22.70 │ 0.3 │  WIN   │
│ CALL │ RSI_TREND │ 2025-08-12 12:15 │ 2025-08-12 13:15 │   1 │   24604.50 │   24574.75 │   24523.19 │ 59.6/55.6 | 22.5 │     -29.75 │ 0.4 │  LOSS  │
│ CALL │ RSI_TREND │ 2025-08-18 12:15 │ 2025-08-18 15:15 │   1 │   24894.50 │   24884.05 │   24811.39 │ 60.1/68.5 | 31.2 │     -10.45 │ 0.1 │  LOSS  │
│ CALL │ RSI_TREND │ 2025-08-19 09:15 │ 2025-08-19 09:30 │   1 │   24919.75 │   24880.25 │   24845.69 │ 57.1/64.3 | 19.7 │     -39.50 │ 0.5 │  LOSS  │
│ CALL │ RSI_TREND │ 2025-08-19 12:15 │ 2025-08-19 12:30 │   1 │   24992.80 │   24984.50 │   24931.52 │ 67.7/67.7 | 19.2 │      -8.30 │ 0.1 │  LOSS  │
│ CALL │ RSI_TREND │ 2025-08-19 12:45 │ 2025-08-19 13:00 │   1 │   24991.40 │   24986.25 │   24929.66 │ 66.3/67.7 | 22.5 │      -5.15 │ 0.1 │  LOSS  │
│ CALL │ RSI_TREND │ 2025-08-20 12:00 │ 2025-08-20 15:15 │   1 │   25037.10 │   25047.15 │   24979.97 │ 64.2/68.6 | 18.5 │      10.05 │ 0.2 │  WIN   │
│ CALL │ RSI_TREND │ 2025-08-21 09:45 │ 2025-08-21 10:15 │   1 │   25104.35 │   25132.30 │   25040.08 │ 68.3/71.9 | 27.3 │      27.95 │ 0.4 │  WIN   │
│ CALL │ RSI_TREND │ 2025-08-21 11:15 │ 2025-08-21 11:30 │   1 │   25121.95 │   25128.65 │   25065.08 │ 67.3/69.9 | 34.4 │       6.70 │ 0.1 │  WIN   │
│ CALL │ RSI_TREND │ 2025-08-21 12:00 │ 2025-08-21 13:00 │   1 │   25106.80 │   25118.60 │   25051.71 │ 59.6/69.9 | 33.7 │      11.80 │ 0.2 │  WIN   │
│ CALL │ RSI_TREND │ 2025-08-21 13:45 │ 2025-08-21 14:15 │   1 │   25118.05 │   25123.70 │   25064.06 │ 58.5/71.3 | 28.3 │       5.65 │ 0.1 │  WIN   │
│ PUT  │ RSI_TREND │ 2025-08-22 13:45 │ 2025-08-22 15:15 │   1 │   24930.80 │   24869.45 │   24981.00 │ 36.5/43.7 | 33.6 │      61.35 │ 1.2 │  WIN   │
│ PUT  │ RSI_TREND │ 2025-08-25 10:00 │ 2025-08-25 10:15 │   1 │   24906.25 │   24914.70 │   24967.50 │ 42.9/43.9 | 28.3 │      -8.45 │ 0.1 │  LOSS  │
│ CALL │ RSI_TREND │ 2025-08-25 11:45 │ 2025-08-25 15:00 │   1 │   24964.15 │   24954.90 │   24909.04 │ 55.4/52.7 | 19.0 │      -9.25 │ 0.2 │  LOSS  │
│ PUT  │ RSI_TREND │ 2025-08-26 11:30 │ 2025-08-26 13:15 │   1 │   24806.25 │   24807.60 │   24875.96 │ 37.3/35.4 | 34.6 │      -1.35 │ 0.0 │  LOSS  │
│ PUT  │ RSI_TREND │ 2025-08-26 13:45 │ 2025-08-26 15:15 │   1 │   24805.30 │   24710.70 │   24860.84 │ 40.2/33.5 | 29.3 │      94.60 │ 1.7 │  WIN   │
│ PUT  │ RSI_TREND │ 2025-08-28 11:00 │ 2025-08-28 15:15 │   1 │   24653.90 │   24533.10 │   24744.12 │ 41.3/33.1 | 43.1 │     120.80 │ 1.3 │  WIN   │
│ PUT  │ RSI_TREND │ 2025-08-29 10:45 │ 2025-08-29 11:30 │   1 │   24525.15 │   24566.55 │   24609.53 │ 42.7/36.6 | 34.8 │     -41.40 │ 0.5 │  LOSS  │
│ PUT  │ RSI_TREND │ 2025-08-29 12:15 │ 2025-08-29 15:15 │   1 │   24526.50 │   24433.65 │   24599.99 │ 43.4/33.2 | 24.5 │      92.85 │ 1.3 │  WIN   │
│ CALL │ RSI_TREND │ 2025-09-01 14:30 │ 2025-09-01 15:15 │   1 │   24615.40 │   24624.30 │   24561.91 │ 62.8/50.2 | 23.2 │       8.90 │ 0.2 │  WIN   │
│ CALL │ RSI_TREND │ 2025-09-02 09:15 │ 2025-09-02 13:30 │   1 │   24653.55 │   24655.05 │   24598.37 │ 68.1/59.0 | 29.8 │       1.50 │ 0.0 │  WIN   │
│ PUT  │ RSI_TREND │ 2025-09-02 14:45 │ 2025-09-02 15:15 │   1 │   24574.45 │   24575.00 │   24658.32 │ 36.8/45.1 | 41.7 │      -0.55 │ 0.0 │  LOSS  │
│ PUT  │ RSI_TREND │ 2025-09-03 09:30 │ 2025-09-03 11:15 │   1 │   24551.95 │   24572.65 │   24641.46 │ 36.3/47.5 | 38.7 │     -20.70 │ 0.2 │  LOSS  │
│ CALL │ RSI_TREND │ 2025-09-03 13:45 │ 2025-09-03 15:15 │   1 │   24652.95 │   24713.60 │   24586.10 │ 58.4/52.9 | 19.2 │      60.65 │ 0.9 │  WIN   │
│ CALL │ RSI_TREND │ 2025-09-04 10:15 │ 2025-09-04 10:30 │   1 │   24846.55 │   24816.50 │   24746.24 │ 68.0/63.0 | 39.4 │     -30.05 │ 0.3 │  LOSS  │
│ CALL │ RSI_TREND │ 2025-09-04 10:45 │ 2025-09-04 11:00 │   1 │   24831.90 │   24815.50 │   24733.96 │ 64.4/63.0 | 40.0 │     -16.40 │ 0.2 │  LOSS  │
│ CALL │ RSI_TREND │ 2025-09-04 11:15 │ 2025-09-04 13:15 │   1 │   24823.85 │   24814.95 │   24730.75 │ 62.5/62.0 | 40.2 │      -8.90 │ 0.1 │  LOSS  │
│ PUT  │ RSI_TREND │ 2025-09-05 10:00 │ 2025-09-05 13:45 │   1 │   24679.35 │   24770.30 │   24778.49 │ 38.9/48.4 | 22.0 │     -90.95 │ 0.9 │  LOSS  │
│ CALL │ RSI_TREND │ 2025-09-05 14:15 │ 2025-09-05 15:15 │   1 │   24755.00 │   24743.95 │   24675.12 │ 56.6/53.8 | 25.2 │     -11.05 │ 0.1 │  LOSS  │
│ CALL │ RSI_TREND │ 2025-09-08 09:30 │ 2025-09-08 13:45 │   1 │   24829.05 │   24848.95 │   24744.64 │ 65.2/59.5 | 23.9 │      19.90 │ 0.2 │  WIN   │
│ CALL │ RSI_TREND │ 2025-09-08 14:00 │ 2025-09-08 14:45 │   1 │   24856.10 │   24797.49 │   24797.49 │ 62.6/63.3 | 27.9 │     -58.61 │ 1.0 │  LOSS  │
│ CALL │ RSI_TREND │ 2025-09-09 09:30 │ 2025-09-09 11:45 │   1 │   24854.75 │   24846.85 │   24777.45 │ 57.0/57.7 | 24.3 │      -7.90 │ 0.1 │  LOSS  │
│ CALL │ RSI_TREND │ 2025-09-10 12:00 │ 2025-09-10 14:30 │   1 │   24990.15 │   24929.36 │   24929.36 │ 62.9/69.3 | 28.1 │     -60.79 │ 1.0 │  LOSS  │
│ CALL │ RSI_TREND │ 2025-09-12 13:00 │ 2025-09-12 15:15 │   1 │   25118.80 │   25107.70 │   25078.72 │ 69.4/76.4 | 39.2 │     -11.10 │ 0.3 │  LOSS  │
│ CALL │ RSI_TREND │ 2025-09-15 11:45 │ 2025-09-15 13:15 │   1 │   25110.30 │   25110.80 │   25068.09 │ 58.5/67.9 | 19.0 │       0.50 │ 0.0 │  WIN   │
│ CALL │ RSI_TREND │ 2025-09-16 09:45 │ 2025-09-16 13:30 │   1 │   25157.45 │   25178.90 │   25106.63 │ 66.0/71.6 | 18.9 │      21.45 │ 0.4 │  WIN   │
│ CALL │ RSI_TREND │ 2025-09-16 14:00 │ 2025-09-16 15:15 │   1 │   25180.80 │   25254.45 │   25140.93 │ 61.9/72.0 | 28.7 │      73.65 │ 1.8 │  WIN   │
│ CALL │ RSI_TREND │ 2025-09-17 14:15 │ 2025-09-17 15:15 │   1 │   25305.80 │   25330.15 │   25261.86 │ 56.2/75.7 | 43.7 │      24.35 │ 0.6 │  WIN   │
│ CALL │ RSI_TREND │ 2025-09-18 11:45 │ 2025-09-18 12:30 │   1 │   25415.80 │   25371.41 │   25371.41 │ 68.9/81.0 | 45.4 │     -44.39 │ 1.0 │  LOSS  │
│ CALL │ RSI_TREND │ 2025-09-18 12:45 │ 2025-09-18 13:45 │   1 │   25389.70 │   25362.15 │   25343.39 │ 55.3/67.9 | 39.6 │     -27.55 │ 0.6 │  LOSS  │
│ CALL │ RSI_TREND │ 2025-09-18 14:45 │ 2025-09-18 15:15 │   1 │   25393.80 │   25420.75 │   25337.27 │ 56.1/73.3 | 27.7 │      26.95 │ 0.5 │  WIN   │
│ CALL │ RSI_TREND │ 2025-09-19 14:00 │ 2025-09-19 15:15 │   1 │   25353.85 │   25352.50 │   25304.46 │ 55.5/59.0 | 20.3 │      -1.35 │ 0.0 │  LOSS  │
│ PUT  │ RSI_TREND │ 2025-09-22 11:00 │ 2025-09-22 12:15 │   1 │   25295.65 │   25287.30 │   25358.30 │ 42.2/49.6 | 22.8 │       8.35 │ 0.1 │  WIN   │
│ PUT  │ RSI_TREND │ 2025-09-22 13:15 │ 2025-09-22 15:00 │   1 │   25285.30 │   25195.55 │   25338.56 │ 41.8/47.0 | 28.0 │      89.75 │ 1.7 │  WIN   │
│ PUT  │ RSI_TREND │ 2025-09-23 15:00 │ 2025-09-23 15:15 │   1 │   25174.50 │   25185.80 │   25249.67 │ 44.8/42.0 | 26.9 │     -11.30 │ 0.2 │  LOSS  │
│ PUT  │ RSI_TREND │ 2025-09-24 12:30 │ 2025-09-24 15:15 │   1 │   25092.40 │   25060.90 │   25154.93 │ 42.3/42.6 | 25.2 │      31.50 │ 0.5 │  WIN   │
│ PUT  │ RSI_TREND │ 2025-09-25 09:30 │ 2025-09-25 15:15 │   1 │   25054.00 │   24904.55 │   25120.70 │ 37.2/34.5 | 26.6 │     149.45 │ 2.2 │  WIN   │
│ PUT  │ RSI_TREND │ 2025-09-29 15:00 │ 2025-09-29 15:15 │   1 │   24639.65 │   24677.55 │   24719.17 │ 38.2/31.9 | 23.0 │     -37.90 │ 0.5 │  LOSS  │
│ PUT  │ RSI_TREND │ 2025-09-30 09:15 │ 2025-09-30 15:15 │   1 │   24670.25 │   24633.60 │   24757.47 │ 44.7/33.7 | 22.1 │      36.65 │ 0.4 │  WIN   │
│ CALL │ RSI_TREND │ 2025-10-01 13:00 │ 2025-10-01 15:15 │   1 │   24770.70 │   24853.40 │   24699.43 │ 63.8/51.7 | 20.0 │      82.70 │ 1.2 │  WIN   │
│ CALL │ RSI_TREND │ 2025-10-03 09:45 │ 2025-10-03 15:15 │   1 │   24828.55 │   24895.00 │   24743.16 │ 60.3/52.9 | 26.1 │      66.45 │ 0.8 │  WIN   │
│ CALL │ RSI_TREND │ 2025-10-07 11:45 │ 2025-10-07 15:00 │   1 │   25130.65 │   25091.00 │   25065.16 │ 61.9/73.1 | 36.2 │     -39.65 │ 0.6 │  LOSS  │
│ CALL │ RSI_TREND │ 2025-10-08 09:15 │ 2025-10-08 10:45 │   1 │   25176.60 │   25095.99 │   25095.99 │ 57.4/63.9 | 26.2 │     -80.61 │ 1.0 │  LOSS  │
│ CALL │ RSI_TREND │ 2025-10-08 13:45 │ 2025-10-08 14:00 │   1 │   25127.85 │   25056.62 │   25056.62 │ 56.0/54.3 | 21.0 │     -71.23 │ 1.0 │  LOSS  │
│ CALL │ RSI_TREND │ 2025-10-09 12:00 │ 2025-10-09 13:00 │   1 │   25140.00 │   25132.95 │   25060.24 │ 57.5/59.4 | 18.2 │      -7.05 │ 0.1 │  LOSS  │
│ CALL │ RSI_TREND │ 2025-10-09 15:00 │ 2025-10-09 15:15 │   1 │   25177.70 │   25170.30 │   25108.02 │ 62.5/62.3 | 18.0 │      -7.40 │ 0.1 │  LOSS  │
│ CALL │ RSI_TREND │ 2025-10-10 11:30 │ 2025-10-10 15:15 │   1 │   25284.35 │   25278.20 │   25211.63 │ 67.1/67.7 | 33.7 │      -6.15 │ 0.1 │  LOSS  │
│ CALL │ RSI_TREND │ 2025-10-13 14:15 │ 2025-10-13 15:00 │   1 │   25251.40 │   25220.45 │   25180.33 │ 59.5/56.4 | 26.7 │     -30.95 │ 0.4 │  LOSS  │
│ CALL │ RSI_TREND │ 2025-10-14 09:15 │ 2025-10-14 09:30 │   1 │   25292.20 │   25236.85 │   25218.76 │ 64.7/52.1 | 24.4 │     -55.35 │ 0.8 │  LOSS  │
│ PUT  │ RSI_TREND │ 2025-10-14 11:00 │ 2025-10-14 13:45 │   1 │   25174.00 │   25123.05 │   25254.16 │ 41.2/48.9 | 18.3 │      50.95 │ 0.6 │  WIN   │
│ CALL │ RSI_TREND │ 2025-10-15 09:15 │ 2025-10-15 11:15 │   1 │   25252.65 │   25319.25 │   25151.90 │ 62.9/58.9 | 20.7 │      66.60 │ 0.7 │  WIN   │
│ CALL │ RSI_TREND │ 2025-10-15 11:45 │ 2025-10-15 12:00 │   1 │   25306.95 │   25288.25 │   25223.92 │ 63.4/61.7 | 31.8 │     -18.70 │ 0.2 │  LOSS  │
│ CALL │ RSI_TREND │ 2025-10-15 12:15 │ 2025-10-15 15:15 │   1 │   25307.00 │   25327.75 │   25228.24 │ 62.1/64.7 | 33.1 │      20.75 │ 0.3 │  WIN   │
│ CALL │ RSI_TREND │ 2025-10-16 11:45 │ 2025-10-16 14:15 │   1 │   25451.35 │   25581.25 │   25395.20 │ 69.4/75.5 | 38.3 │     129.90 │ 2.3 │  WIN   │
│ CALL │ RSI_TREND │ 2025-10-17 13:15 │ 2025-10-17 15:15 │   1 │   25677.35 │   25704.70 │   25593.89 │ 55.1/73.1 | 33.4 │      27.35 │ 0.3 │  WIN   │
│ CALL │ RSI_TREND │ 2025-10-20 10:00 │ 2025-10-20 11:15 │   1 │   25856.55 │   25854.90 │   25741.89 │ 67.3/80.5 | 27.8 │      -1.65 │ 0.0 │  LOSS  │
│ CALL │ RSI_TREND │ 2025-10-20 11:45 │ 2025-10-20 12:00 │   1 │   25843.35 │   25855.25 │   25746.81 │ 61.1/78.4 | 28.5 │      11.90 │ 0.1 │  WIN   │
│ CALL │ RSI_TREND │ 2025-10-20 12:30 │ 2025-10-20 15:15 │   1 │   25868.70 │   25850.70 │   25780.66 │ 63.7/80.1 | 27.9 │     -18.00 │ 0.2 │  LOSS  │
│ CALL │ RSI_TREND │ 2025-10-21 14:00 │ 2025-10-21 14:15 │   1 │   25896.90 │   25874.75 │   25814.19 │ 63.2/70.2 | 21.3 │     -22.15 │ 0.3 │  LOSS  │
│ CALL │ RSI_TREND │ 2025-10-23 11:30 │ 2025-10-23 14:00 │   1 │   26056.55 │   25971.04 │   25971.04 │ 66.0/77.5 | 33.4 │     -85.51 │ 1.0 │  LOSS  │
│ CALL │ RSI_TREND │ 2025-10-27 09:15 │ 2025-10-27 12:15 │   1 │   25889.05 │   25968.90 │   25801.90 │ 58.4/61.5 | 28.6 │      79.85 │ 0.9 │  WIN   │
│ CALL │ RSI_TREND │ 2025-10-27 12:30 │ 2025-10-27 12:45 │   1 │   25974.30 │   25974.40 │   25904.82 │ 61.3/60.9 | 31.9 │       0.10 │ 0.0 │  WIN   │
│ CALL │ RSI_TREND │ 2025-10-27 13:45 │ 2025-10-27 15:15 │   1 │   25954.25 │   25974.00 │   25887.07 │ 55.9/57.7 | 25.5 │      19.75 │ 0.3 │  WIN   │
│ CALL │ RSI_TREND │ 2025-10-28 09:15 │ 2025-10-28 09:30 │   1 │   25988.85 │   26019.50 │   25917.05 │ 60.8/53.2 | 18.8 │      30.65 │ 0.4 │  WIN   │
│ PUT  │ RSI_TREND │ 2025-10-28 10:15 │ 2025-10-28 13:15 │   1 │   25901.50 │   25943.05 │   25985.70 │ 42.1/48.5 | 18.0 │     -41.55 │ 0.5 │  LOSS  │
│ CALL │ RSI_TREND │ 2025-10-28 15:00 │ 2025-10-28 15:15 │   1 │   25943.00 │   25965.40 │   25841.90 │ 56.7/55.6 | 18.3 │      22.40 │ 0.2 │  WIN   │
│ CALL │ RSI_TREND │ 2025-10-29 09:15 │ 2025-10-29 15:00 │   1 │   26010.00 │   26043.55 │   25910.95 │ 64.1/59.4 | 18.9 │      33.55 │ 0.3 │  WIN   │
│ PUT  │ RSI_TREND │ 2025-10-30 11:15 │ 2025-10-30 12:30 │   1 │   25954.65 │   25920.45 │   26030.94 │ 44.6/46.5 | 23.5 │      34.20 │ 0.4 │  WIN   │
│ PUT  │ RSI_TREND │ 2025-10-30 12:45 │ 2025-10-30 14:00 │   1 │   25906.50 │   25889.35 │   25974.39 │ 38.6/47.6 | 23.3 │      17.15 │ 0.3 │  WIN   │
│ PUT  │ RSI_TREND │ 2025-10-31 10:00 │ 2025-10-31 13:00 │   1 │   25879.00 │   25800.65 │   25959.87 │ 41.3/43.9 | 29.6 │      78.35 │ 1.0 │  WIN   │
│ PUT  │ RSI_TREND │ 2025-10-31 14:30 │ 2025-10-31 15:15 │   1 │   25774.25 │   25732.55 │   25842.24 │ 36.1/31.9 | 41.5 │      41.70 │ 0.6 │  WIN   │
│ PUT  │ RSI_TREND │ 2025-11-03 10:00 │ 2025-11-03 13:45 │   1 │   25712.35 │   25765.25 │   25796.30 │ 38.3/32.8 | 48.5 │     -52.90 │ 0.6 │  LOSS  │
│ PUT  │ RSI_TREND │ 2025-11-04 09:15 │ 2025-11-04 15:15 │   1 │   25730.55 │   25586.25 │   25799.23 │ 42.9/37.0 | 26.9 │     144.30 │ 2.1 │  WIN   │
│ PUT  │ RSI_TREND │ 2025-11-06 09:30 │ 2025-11-06 15:15 │   1 │   25610.00 │   25519.95 │   25679.27 │ 36.8/25.2 | 34.7 │      90.05 │ 1.3 │  WIN   │
│ PUT  │ RSI_TREND │ 2025-11-07 11:45 │ 2025-11-07 12:15 │   1 │   25437.75 │   25456.90 │   25522.03 │ 44.6/35.5 | 25.7 │     -19.15 │ 0.2 │  LOSS  │
│ CALL │ RSI_TREND │ 2025-11-10 10:15 │ 2025-11-10 13:15 │   1 │   25615.60 │   25638.25 │   25533.16 │ 67.5/54.4 | 20.1 │      22.65 │ 0.3 │  WIN   │
│ CALL │ RSI_TREND │ 2025-11-10 14:00 │ 2025-11-10 15:00 │   1 │   25618.90 │   25565.45 │   25559.71 │ 57.0/53.0 | 27.3 │     -53.45 │ 0.9 │  LOSS  │
│ PUT  │ RSI_TREND │ 2025-11-11 09:15 │ 2025-11-11 12:00 │   1 │   25526.60 │   25538.30 │   25599.58 │ 38.4/41.2 | 21.9 │     -11.70 │ 0.2 │  LOSS  │
│ CALL │ RSI_TREND │ 2025-11-11 13:00 │ 2025-11-11 15:15 │   1 │   25588.35 │   25705.55 │   25521.56 │ 58.7/51.4 | 18.3 │     117.20 │ 1.8 │  WIN   │
│ CALL │ RSI_TREND │ 2025-11-12 14:45 │ 2025-11-12 15:15 │   1 │   25894.55 │   25874.00 │   25840.17 │ 67.2/68.6 | 51.6 │     -20.55 │ 0.4 │  LOSS  │
│ CALL │ RSI_TREND │ 2025-11-13 09:45 │ 2025-11-13 14:15 │   1 │   25877.65 │   25921.60 │   25811.90 │ 58.4/68.8 | 40.7 │      43.95 │ 0.7 │  WIN   │
│ PUT  │ RSI_TREND │ 2025-11-14 09:45 │ 2025-11-14 14:15 │   1 │   25810.70 │   25784.00 │   25897.74 │ 35.2/48.4 | 26.3 │      26.70 │ 0.3 │  WIN   │
│ CALL │ RSI_TREND │ 2025-11-14 15:00 │ 2025-11-14 15:15 │   1 │   25930.20 │   25916.80 │   25837.54 │ 63.6/60.0 | 23.6 │     -13.40 │ 0.1 │  LOSS  │
│ CALL │ RSI_TREND │ 2025-11-17 09:15 │ 2025-11-17 10:15 │   1 │   25964.55 │   25939.35 │   25870.70 │ 65.8/60.9 | 24.2 │     -25.20 │ 0.3 │  LOSS  │
│ CALL │ RSI_TREND │ 2025-11-17 10:45 │ 2025-11-17 11:00 │   1 │   25943.20 │   25946.20 │   25864.63 │ 61.0/60.5 | 24.2 │       3.00 │ 0.0 │  WIN   │
│ CALL │ RSI_TREND │ 2025-11-17 11:30 │ 2025-11-17 15:15 │   1 │   25943.15 │   26014.30 │   25869.94 │ 59.8/62.1 | 22.5 │      71.15 │ 1.0 │  WIN   │
│ CALL │ RSI_TREND │ 2025-11-18 11:45 │ 2025-11-18 15:00 │   1 │   25974.65 │   25910.72 │   25910.72 │ 56.9/56.9 | 20.9 │     -63.93 │ 1.0 │  LOSS  │
│ CALL │ RSI_TREND │ 2025-11-19 15:00 │ 2025-11-19 15:15 │   1 │   26059.10 │   26052.70 │   26008.10 │ 68.5/62.7 | 21.2 │      -6.40 │ 0.1 │  LOSS  │
│ CALL │ RSI_TREND │ 2025-11-20 10:00 │ 2025-11-20 15:15 │   1 │   26099.65 │   26197.40 │   26039.07 │ 68.7/65.6 | 27.5 │      97.75 │ 1.6 │  WIN   │
│ CALL │ RSI_TREND │ 2025-11-21 12:15 │ 2025-11-21 12:30 │   1 │   26152.75 │   26149.05 │   26087.69 │ 56.9/59.0 | 33.5 │      -3.70 │ 0.1 │  LOSS  │
│ CALL │ RSI_TREND │ 2025-11-21 12:45 │ 2025-11-21 13:00 │   1 │   26166.00 │   26135.55 │   26103.09 │ 59.5/59.0 | 31.0 │     -30.45 │ 0.5 │  LOSS  │
│ PUT  │ RSI_TREND │ 2025-11-25 10:15 │ 2025-11-25 15:15 │   1 │   26010.55 │   25860.30 │   26085.39 │ 43.7/40.6 | 27.5 │     150.25 │ 2.0 │  WIN   │
│ CALL │ RSI_TREND │ 2025-11-26 09:30 │ 2025-11-26 14:45 │   1 │   26024.10 │   26191.35 │   25936.28 │ 55.8/54.6 | 23.3 │     167.25 │ 1.9 │  WIN   │
│ CALL │ RSI_TREND │ 2025-11-26 15:00 │ 2025-11-26 15:15 │   1 │   26213.50 │   26203.50 │   26148.32 │ 67.5/62.2 | 31.9 │     -10.00 │ 0.2 │  LOSS  │
│ CALL │ RSI_TREND │ 2025-11-27 09:45 │ 2025-11-27 11:15 │   1 │   26283.90 │   26279.25 │   26204.88 │ 68.1/65.9 | 37.3 │      -4.65 │ 0.1 │  LOSS  │
│ CALL │ RSI_TREND │ 2025-11-27 12:30 │ 2025-11-27 13:00 │   1 │   26248.20 │   26182.28 │   26182.28 │ 56.4/54.7 | 36.5 │     -65.92 │ 1.0 │  LOSS  │
│ CALL │ RSI_TREND │ 2025-11-28 09:45 │ 2025-11-28 14:15 │   1 │   26250.65 │   26205.10 │   26170.60 │ 58.7/59.6 | 19.5 │     -45.55 │ 0.6 │  LOSS  │
│ CALL │ RSI_TREND │ 2025-12-01 09:30 │ 2025-12-01 10:45 │   1 │   26287.25 │   26238.95 │   26223.82 │ 66.2/61.9 | 20.4 │     -48.30 │ 0.8 │  LOSS  │
│ PUT  │ RSI_TREND │ 2025-12-01 12:00 │ 2025-12-01 12:15 │   1 │   26175.65 │   26188.55 │   26240.85 │ 36.5/49.2 | 18.2 │     -12.90 │ 0.2 │  LOSS  │
│ PUT  │ RSI_TREND │ 2025-12-01 14:30 │ 2025-12-01 15:15 │   1 │   26172.50 │   26175.95 │   26235.11 │ 41.7/49.4 | 21.2 │      -3.45 │ 0.1 │  LOSS  │
│ PUT  │ RSI_TREND │ 2025-12-02 11:00 │ 2025-12-02 14:15 │   1 │   26080.75 │   26041.40 │   26149.45 │ 36.8/40.9 | 36.5 │      39.35 │ 0.6 │  WIN   │
│ PUT  │ RSI_TREND │ 2025-12-03 12:30 │ 2025-12-03 13:00 │   1 │   25922.90 │   25938.10 │   25988.38 │ 36.6/33.9 | 41.1 │     -15.20 │ 0.2 │  LOSS  │
│ PUT  │ RSI_TREND │ 2025-12-03 13:30 │ 2025-12-03 13:45 │   1 │   25928.30 │   25917.15 │   25987.18 │ 38.9/35.4 | 37.8 │      11.15 │ 0.2 │  WIN   │
│ PUT  │ RSI_TREND │ 2025-12-03 14:15 │ 2025-12-03 15:00 │   1 │   25921.45 │   25984.09 │   25984.09 │ 40.4/41.5 | 35.2 │     -62.64 │ 1.0 │  LOSS  │
│ CALL │ RSI_TREND │ 2025-12-04 10:15 │ 2025-12-04 11:15 │   1 │   26078.95 │   26060.60 │   26011.95 │ 70.0/52.0 | 25.2 │     -18.35 │ 0.3 │  LOSS  │
│ CALL │ RSI_TREND │ 2025-12-05 11:30 │ 2025-12-05 12:00 │   1 │   26141.60 │   26130.15 │   26059.69 │ 66.2/57.8 | 19.4 │     -11.45 │ 0.1 │  LOSS  │
│ CALL │ RSI_TREND │ 2025-12-05 12:15 │ 2025-12-05 13:00 │   1 │   26166.50 │   26180.95 │   26089.16 │ 68.2/62.2 | 21.4 │      14.45 │ 0.2 │  WIN   │
│ CALL │ RSI_TREND │ 2025-12-05 13:15 │ 2025-12-05 14:00 │   1 │   26189.15 │   26165.10 │   26118.97 │ 69.5/60.1 | 26.9 │     -24.05 │ 0.3 │  LOSS  │
│ CALL │ RSI_TREND │ 2025-12-05 14:15 │ 2025-12-05 15:15 │   1 │   26168.40 │   26176.65 │   26102.95 │ 62.4/62.1 | 26.4 │       8.25 │ 0.1 │  WIN   │
│ PUT  │ RSI_TREND │ 2025-12-08 10:30 │ 2025-12-08 15:15 │   1 │   26096.80 │   25932.80 │   26162.50 │ 43.7/47.8 | 22.3 │     164.00 │ 2.5 │  WIN   │
│ PUT  │ RSI_TREND │ 2025-12-09 11:15 │ 2025-12-09 14:30 │   1 │   25863.45 │   25826.00 │   25953.74 │ 42.4/40.3 | 40.6 │      37.45 │ 0.4 │  WIN   │
│ PUT  │ RSI_TREND │ 2025-12-10 10:45 │ 2025-12-10 15:00 │   1 │   25835.30 │   25760.10 │   25920.40 │ 42.5/42.3 | 18.6 │      75.20 │ 0.9 │  WIN   │
│ PUT  │ RSI_TREND │ 2025-12-11 09:30 │ 2025-12-11 09:45 │   1 │   25712.25 │   25714.00 │   25799.42 │ 36.9/41.4 | 20.3 │      -1.75 │ 0.0 │  LOSS  │
│ CALL │ RSI_TREND │ 2025-12-11 14:15 │ 2025-12-11 15:15 │   1 │   25916.50 │   25898.40 │   25837.43 │ 61.5/50.9 | 21.9 │     -18.10 │ 0.2 │  LOSS  │
│ CALL │ RSI_TREND │ 2025-12-12 09:15 │ 2025-12-12 09:30 │   1 │   26009.30 │   26024.85 │   25923.58 │ 69.6/59.5 | 24.2 │      15.55 │ 0.2 │  WIN   │
│ CALL │ RSI_TREND │ 2025-12-12 10:30 │ 2025-12-12 15:15 │   1 │   25960.85 │   26043.00 │   25877.19 │ 59.0/59.6 | 27.2 │      82.15 │ 1.0 │  WIN   │
│ CALL │ RSI_TREND │ 2025-12-15 11:45 │ 2025-12-15 12:15 │   1 │   26016.10 │   26018.60 │   25949.02 │ 56.2/57.8 | 18.3 │       2.50 │ 0.0 │  WIN   │
│ PUT  │ RSI_TREND │ 2025-12-16 12:30 │ 2025-12-16 15:15 │   1 │   25894.35 │   25851.35 │   25950.16 │ 38.4/41.9 | 26.9 │      43.00 │ 0.8 │  WIN   │
│ PUT  │ RSI_TREND │ 2025-12-17 09:30 │ 2025-12-17 11:00 │   1 │   25880.20 │   25842.05 │   25948.88 │ 44.9/37.0 | 19.8 │      38.15 │ 0.6 │  WIN   │
│ PUT  │ RSI_TREND │ 2025-12-18 14:00 │ 2025-12-18 14:15 │   1 │   25805.25 │   25789.55 │   25865.59 │ 40.9/40.7 | 18.1 │      15.70 │ 0.3 │  WIN   │
│ CALL │ RSI_TREND │ 2025-12-19 09:30 │ 2025-12-19 13:45 │   1 │   25956.40 │   25975.85 │   25880.38 │ 69.1/58.2 | 19.2 │      19.45 │ 0.3 │  WIN   │
│ CALL │ RSI_TREND │ 2025-12-19 14:15 │ 2025-12-19 15:15 │   1 │   25971.05 │   25961.40 │   25912.99 │ 60.8/60.8 | 18.9 │      -9.65 │ 0.2 │  LOSS  │
│ CALL │ RSI_TREND │ 2025-12-22 12:45 │ 2025-12-22 14:30 │   1 │   26139.55 │   26159.25 │   26084.83 │ 67.7/73.2 | 43.2 │      19.70 │ 0.4 │  WIN   │
│ CALL │ RSI_TREND │ 2025-12-23 09:45 │ 2025-12-23 11:15 │   1 │   26174.00 │   26191.25 │   26117.67 │ 63.9/74.7 | 42.0 │      17.25 │ 0.3 │  WIN   │
│ CALL │ RSI_TREND │ 2025-12-23 11:45 │ 2025-12-23 13:00 │   1 │   26177.95 │   26186.65 │   26128.08 │ 59.4/74.5 | 40.5 │       8.70 │ 0.2 │  WIN   │
│ CALL │ RSI_TREND │ 2025-12-23 13:15 │ 2025-12-23 14:15 │   1 │   26191.90 │   26213.55 │   26147.98 │ 61.9/75.8 | 35.1 │      21.65 │ 0.5 │  WIN   │
│ CALL │ RSI_TREND │ 2025-12-23 14:45 │ 2025-12-23 15:00 │   1 │   26189.10 │   26184.00 │   26139.96 │ 55.0/70.9 | 31.8 │      -5.10 │ 0.1 │  LOSS  │
│ CALL │ RSI_TREND │ 2025-12-24 09:15 │ 2025-12-24 11:00 │   1 │   26217.10 │   26210.15 │   26156.91 │ 60.2/72.7 | 29.8 │      -6.95 │ 0.1 │  LOSS  │
│ CALL │ RSI_TREND │ 2025-12-24 11:15 │ 2025-12-24 11:30 │   1 │   26213.05 │   26185.45 │   26161.70 │ 56.6/65.0 | 29.1 │     -27.60 │ 0.5 │  LOSS  │
│ PUT  │ RSI_TREND │ 2025-12-29 09:45 │ 2025-12-29 12:45 │   1 │   26037.25 │   25961.45 │   26089.27 │ 40.3/38.1 | 36.6 │      75.80 │ 1.5 │  WIN   │
│ PUT  │ RSI_TREND │ 2025-12-30 09:45 │ 2025-12-30 15:15 │   1 │   25935.70 │   25970.55 │   25996.87 │ 41.8/27.7 | 36.9 │     -34.85 │ 0.6 │  LOSS  │
│ CALL │ RSI_TREND │ 2025-12-31 09:15 │ 2025-12-31 15:15 │   1 │   26016.30 │   26141.85 │   25954.75 │ 68.2/50.2 | 23.3 │     125.55 │ 2.0 │  WIN  